2023-11-11T09:05:32.145+01:00  INFO 134212 --- [Thread-5] o.apache.catalina.core.StandardService   : Stopping service [Tomcat]
2023-11-11T09:05:36.714+01:00  INFO 134212 --- [restartedMain] c.plg.springfile.SpringFileApplication   : Starting SpringFileApplication using Java 20.0.2 with PID 134212 (C:\Users\gpetemoya\Documents\projets\github\spring-file\target\classes started by gpetemoya in C:\Users\gpetemoya\Documents\projets\github\spring-file)
2023-11-11T09:05:36.715+01:00  INFO 134212 --- [restartedMain] c.plg.springfile.SpringFileApplication   : No active profile set, falling back to 1 default profile: "default"
2023-11-11T09:05:42.157+01:00  INFO 134212 --- [restartedMain] o.apache.catalina.core.StandardService   : Starting service [Tomcat]
2023-11-11T09:05:42.158+01:00  INFO 134212 --- [restartedMain] o.apache.catalina.core.StandardEngine    : Starting Servlet engine: [Apache Tomcat/10.1.15]
2023-11-11T09:05:42.242+01:00  INFO 134212 --- [restartedMain] o.a.c.c.C.[Tomcat].[localhost].[/]       : Initializing Spring embedded WebApplicationContext
2023-11-11T09:05:43.326+01:00  INFO 134212 --- [restartedMain] c.plg.springfile.SpringFileApplication   : Started SpringFileApplication in 6.638 seconds (process running for 56737.788)
2023-11-11T09:05:43.327+01:00  INFO 134212 --- [restartedMain] c.plg.springfile.SpringFileApplication   : Serveur run
2023-11-11T09:05:43.381+01:00  INFO 134212 --- [restartedMain] c.p.s.services.EvenMoreFunWithFiles      : FICHIER CREEE
2023-11-11T09:05:44.367+01:00  INFO 134212 --- [Thread-7] o.apache.catalina.core.StandardService   : Stopping service [Tomcat]
2023-11-11T09:05:44.446+01:00  INFO 134212 --- [restartedMain] c.plg.springfile.SpringFileApplication   : Starting SpringFileApplication using Java 20.0.2 with PID 134212 (C:\Users\gpetemoya\Documents\projets\github\spring-file\target\classes started by gpetemoya in C:\Users\gpetemoya\Documents\projets\github\spring-file)
2023-11-11T09:05:44.447+01:00  INFO 134212 --- [restartedMain] c.plg.springfile.SpringFileApplication   : No active profile set, falling back to 1 default profile: "default"
2023-11-11T09:05:44.628+01:00  INFO 134212 --- [restartedMain] o.apache.catalina.core.StandardService   : Starting service [Tomcat]
2023-11-11T09:05:44.629+01:00  INFO 134212 --- [restartedMain] o.apache.catalina.core.StandardEngine    : Starting Servlet engine: [Apache Tomcat/10.1.15]
2023-11-11T09:05:44.646+01:00  INFO 134212 --- [restartedMain] o.a.c.c.C.[Tomcat].[localhost].[/]       : Initializing Spring embedded WebApplicationContext
2023-11-11T09:05:44.775+01:00  INFO 134212 --- [restartedMain] c.plg.springfile.SpringFileApplication   : Started SpringFileApplication in 0.358 seconds (process running for 56739.239)
2023-11-11T09:05:44.776+01:00  INFO 134212 --- [restartedMain] c.plg.springfile.SpringFileApplication   : Serveur run
2023-11-11T09:05:44.783+01:00  INFO 134212 --- [restartedMain] c.p.s.services.EvenMoreFunWithFiles      : FICHIER CREEE
2023-11-11T10:32:01.379+01:00  INFO 134212 --- [Thread-11] o.apache.catalina.core.StandardService   : Stopping service [Tomcat]
2023-11-11T10:32:01.808+01:00  INFO 134212 --- [restartedMain] c.plg.springfile.SpringFileApplication   : Starting SpringFileApplication using Java 20.0.2 with PID 134212 (C:\Users\gpetemoya\Documents\projets\github\spring-file\target\classes started by gpetemoya in C:\Users\gpetemoya\Documents\projets\github\spring-file)
2023-11-11T10:32:01.809+01:00  INFO 134212 --- [restartedMain] c.plg.springfile.SpringFileApplication   : No active profile set, falling back to 1 default profile: "default"
2023-11-11T10:32:02.362+01:00  INFO 134212 --- [restartedMain] o.apache.catalina.core.StandardService   : Starting service [Tomcat]
2023-11-11T10:32:02.364+01:00  INFO 134212 --- [restartedMain] o.apache.catalina.core.StandardEngine    : Starting Servlet engine: [Apache Tomcat/10.1.15]
2023-11-11T10:32:02.385+01:00  INFO 134212 --- [restartedMain] o.a.c.c.C.[Tomcat].[localhost].[/]       : Initializing Spring embedded WebApplicationContext
2023-11-11T10:32:02.850+01:00  INFO 134212 --- [restartedMain] c.plg.springfile.SpringFileApplication   : Started SpringFileApplication in 1.134 seconds (process running for 61917.507)
2023-11-11T10:32:02.851+01:00  INFO 134212 --- [restartedMain] c.plg.springfile.SpringFileApplication   : Serveur run
2023-11-11T10:32:03.223+01:00 ERROR 134212 --- [restartedMain] o.s.boot.SpringApplication               : Application run failed

java.lang.Error: Unresolved compilation problem: 
	BufferWriter cannot be resolved to a type

	at com.plg.springfile.services.EvenMoreFunWithFiles.createFile(EvenMoreFunWithFiles.java:28) ~[classes/:na]
	at com.plg.springfile.SpringFileApplication.run(SpringFileApplication.java:65) ~[classes/:na]
	at org.springframework.boot.SpringApplication.callRunner(SpringApplication.java:771) ~[spring-boot-3.1.5.jar:3.1.5]
	at org.springframework.boot.SpringApplication.lambda$callRunners$3(SpringApplication.java:755) ~[spring-boot-3.1.5.jar:3.1.5]
	at java.base/java.util.stream.ForEachOps$ForEachOp$OfRef.accept(ForEachOps.java:183) ~[na:na]
	at java.base/java.util.stream.SortedOps$SizedRefSortingSink.end(SortedOps.java:357) ~[na:na]
	at java.base/java.util.stream.AbstractPipeline.copyInto(AbstractPipeline.java:510) ~[na:na]
	at java.base/java.util.stream.AbstractPipeline.wrapAndCopyInto(AbstractPipeline.java:499) ~[na:na]
	at java.base/java.util.stream.ForEachOps$ForEachOp.evaluateSequential(ForEachOps.java:150) ~[na:na]
	at java.base/java.util.stream.ForEachOps$ForEachOp$OfRef.evaluateSequential(ForEachOps.java:173) ~[na:na]
	at java.base/java.util.stream.AbstractPipeline.evaluate(AbstractPipeline.java:234) ~[na:na]
	at java.base/java.util.stream.ReferencePipeline.forEach(ReferencePipeline.java:596) ~[na:na]
	at org.springframework.boot.SpringApplication.callRunners(SpringApplication.java:750) ~[spring-boot-3.1.5.jar:3.1.5]
	at org.springframework.boot.SpringApplication.run(SpringApplication.java:323) ~[spring-boot-3.1.5.jar:3.1.5]
	at org.springframework.boot.SpringApplication.run(SpringApplication.java:1306) ~[spring-boot-3.1.5.jar:3.1.5]
	at org.springframework.boot.SpringApplication.run(SpringApplication.java:1295) ~[spring-boot-3.1.5.jar:3.1.5]
	at com.plg.springfile.SpringFileApplication.main(SpringFileApplication.java:23) ~[classes/:na]
	at java.base/jdk.internal.reflect.DirectMethodHandleAccessor.invoke(DirectMethodHandleAccessor.java:104) ~[na:na]
	at java.base/java.lang.reflect.Method.invoke(Method.java:578) ~[na:na]
	at org.springframework.boot.devtools.restart.RestartLauncher.run(RestartLauncher.java:50) ~[spring-boot-devtools-3.1.5.jar:3.1.5]

2023-11-11T10:32:16.481+01:00  INFO 134212 --- [restartedMain] c.plg.springfile.SpringFileApplication   : Starting SpringFileApplication using Java 20.0.2 with PID 134212 (C:\Users\gpetemoya\Documents\projets\github\spring-file\target\classes started by gpetemoya in C:\Users\gpetemoya\Documents\projets\github\spring-file)
2023-11-11T10:32:16.483+01:00  INFO 134212 --- [restartedMain] c.plg.springfile.SpringFileApplication   : No active profile set, falling back to 1 default profile: "default"
2023-11-11T10:32:16.692+01:00  INFO 134212 --- [restartedMain] o.apache.catalina.core.StandardService   : Starting service [Tomcat]
2023-11-11T10:32:16.693+01:00  INFO 134212 --- [restartedMain] o.apache.catalina.core.StandardEngine    : Starting Servlet engine: [Apache Tomcat/10.1.15]
2023-11-11T10:32:16.711+01:00  INFO 134212 --- [restartedMain] o.a.c.c.C.[Tomcat].[localhost].[/]       : Initializing Spring embedded WebApplicationContext
2023-11-11T10:32:16.959+01:00  INFO 134212 --- [restartedMain] c.plg.springfile.SpringFileApplication   : Started SpringFileApplication in 0.714 seconds (process running for 61931.617)
2023-11-11T10:32:16.961+01:00  INFO 134212 --- [restartedMain] c.plg.springfile.SpringFileApplication   : Serveur run
2023-11-11T10:32:16.970+01:00 ERROR 134212 --- [restartedMain] o.s.boot.SpringApplication               : Application run failed

java.lang.Error: Unresolved compilation problem: 
	BufferedWriter cannot be resolved to a type

	at com.plg.springfile.services.EvenMoreFunWithFiles.createFile(EvenMoreFunWithFiles.java:28) ~[classes/:na]
	at com.plg.springfile.SpringFileApplication.run(SpringFileApplication.java:65) ~[classes/:na]
	at org.springframework.boot.SpringApplication.callRunner(SpringApplication.java:771) ~[spring-boot-3.1.5.jar:3.1.5]
	at org.springframework.boot.SpringApplication.lambda$callRunners$3(SpringApplication.java:755) ~[spring-boot-3.1.5.jar:3.1.5]
	at java.base/java.util.stream.ForEachOps$ForEachOp$OfRef.accept(ForEachOps.java:183) ~[na:na]
	at java.base/java.util.stream.SortedOps$SizedRefSortingSink.end(SortedOps.java:357) ~[na:na]
	at java.base/java.util.stream.AbstractPipeline.copyInto(AbstractPipeline.java:510) ~[na:na]
	at java.base/java.util.stream.AbstractPipeline.wrapAndCopyInto(AbstractPipeline.java:499) ~[na:na]
	at java.base/java.util.stream.ForEachOps$ForEachOp.evaluateSequential(ForEachOps.java:150) ~[na:na]
	at java.base/java.util.stream.ForEachOps$ForEachOp$OfRef.evaluateSequential(ForEachOps.java:173) ~[na:na]
	at java.base/java.util.stream.AbstractPipeline.evaluate(AbstractPipeline.java:234) ~[na:na]
	at java.base/java.util.stream.ReferencePipeline.forEach(ReferencePipeline.java:596) ~[na:na]
	at org.springframework.boot.SpringApplication.callRunners(SpringApplication.java:750) ~[spring-boot-3.1.5.jar:3.1.5]
	at org.springframework.boot.SpringApplication.run(SpringApplication.java:323) ~[spring-boot-3.1.5.jar:3.1.5]
	at org.springframework.boot.SpringApplication.run(SpringApplication.java:1306) ~[spring-boot-3.1.5.jar:3.1.5]
	at org.springframework.boot.SpringApplication.run(SpringApplication.java:1295) ~[spring-boot-3.1.5.jar:3.1.5]
	at com.plg.springfile.SpringFileApplication.main(SpringFileApplication.java:23) ~[classes/:na]
	at java.base/jdk.internal.reflect.DirectMethodHandleAccessor.invoke(DirectMethodHandleAccessor.java:104) ~[na:na]
	at java.base/java.lang.reflect.Method.invoke(Method.java:578) ~[na:na]
	at org.springframework.boot.devtools.restart.RestartLauncher.run(RestartLauncher.java:50) ~[spring-boot-devtools-3.1.5.jar:3.1.5]

2023-11-11T10:32:36.816+01:00  INFO 134212 --- [restartedMain] c.plg.springfile.SpringFileApplication   : Starting SpringFileApplication using Java 20.0.2 with PID 134212 (C:\Users\gpetemoya\Documents\projets\github\spring-file\target\classes started by gpetemoya in C:\Users\gpetemoya\Documents\projets\github\spring-file)
2023-11-11T10:32:36.817+01:00  INFO 134212 --- [restartedMain] c.plg.springfile.SpringFileApplication   : No active profile set, falling back to 1 default profile: "default"
2023-11-11T10:32:37.103+01:00  INFO 134212 --- [restartedMain] o.apache.catalina.core.StandardService   : Starting service [Tomcat]
2023-11-11T10:32:37.103+01:00  INFO 134212 --- [restartedMain] o.apache.catalina.core.StandardEngine    : Starting Servlet engine: [Apache Tomcat/10.1.15]
2023-11-11T10:32:37.118+01:00  INFO 134212 --- [restartedMain] o.a.c.c.C.[Tomcat].[localhost].[/]       : Initializing Spring embedded WebApplicationContext
2023-11-11T10:32:37.298+01:00  INFO 134212 --- [restartedMain] c.plg.springfile.SpringFileApplication   : Started SpringFileApplication in 0.508 seconds (process running for 61951.955)
2023-11-11T10:32:37.299+01:00  INFO 134212 --- [restartedMain] c.plg.springfile.SpringFileApplication   : Serveur run
2023-11-11T10:32:37.448+01:00 ERROR 134212 --- [restartedMain] o.s.boot.SpringApplication               : Application run failed

java.lang.Error: Unresolved compilation problem: 
	Type mismatch: cannot convert from FileWriter to BufferedWriter

	at com.plg.springfile.services.EvenMoreFunWithFiles.createFile(EvenMoreFunWithFiles.java:29) ~[classes/:na]
	at com.plg.springfile.SpringFileApplication.run(SpringFileApplication.java:65) ~[classes/:na]
	at org.springframework.boot.SpringApplication.callRunner(SpringApplication.java:771) ~[spring-boot-3.1.5.jar:3.1.5]
	at org.springframework.boot.SpringApplication.lambda$callRunners$3(SpringApplication.java:755) ~[spring-boot-3.1.5.jar:3.1.5]
	at java.base/java.util.stream.ForEachOps$ForEachOp$OfRef.accept(ForEachOps.java:183) ~[na:na]
	at java.base/java.util.stream.SortedOps$SizedRefSortingSink.end(SortedOps.java:357) ~[na:na]
	at java.base/java.util.stream.AbstractPipeline.copyInto(AbstractPipeline.java:510) ~[na:na]
	at java.base/java.util.stream.AbstractPipeline.wrapAndCopyInto(AbstractPipeline.java:499) ~[na:na]
	at java.base/java.util.stream.ForEachOps$ForEachOp.evaluateSequential(ForEachOps.java:150) ~[na:na]
	at java.base/java.util.stream.ForEachOps$ForEachOp$OfRef.evaluateSequential(ForEachOps.java:173) ~[na:na]
	at java.base/java.util.stream.AbstractPipeline.evaluate(AbstractPipeline.java:234) ~[na:na]
	at java.base/java.util.stream.ReferencePipeline.forEach(ReferencePipeline.java:596) ~[na:na]
	at org.springframework.boot.SpringApplication.callRunners(SpringApplication.java:750) ~[spring-boot-3.1.5.jar:3.1.5]
	at org.springframework.boot.SpringApplication.run(SpringApplication.java:323) ~[spring-boot-3.1.5.jar:3.1.5]
	at org.springframework.boot.SpringApplication.run(SpringApplication.java:1306) ~[spring-boot-3.1.5.jar:3.1.5]
	at org.springframework.boot.SpringApplication.run(SpringApplication.java:1295) ~[spring-boot-3.1.5.jar:3.1.5]
	at com.plg.springfile.SpringFileApplication.main(SpringFileApplication.java:23) ~[classes/:na]
	at java.base/jdk.internal.reflect.DirectMethodHandleAccessor.invoke(DirectMethodHandleAccessor.java:104) ~[na:na]
	at java.base/java.lang.reflect.Method.invoke(Method.java:578) ~[na:na]
	at org.springframework.boot.devtools.restart.RestartLauncher.run(RestartLauncher.java:50) ~[spring-boot-devtools-3.1.5.jar:3.1.5]

2023-11-11T10:34:46.638+01:00  INFO 134212 --- [restartedMain] c.plg.springfile.SpringFileApplication   : Starting SpringFileApplication using Java 20.0.2 with PID 134212 (C:\Users\gpetemoya\Documents\projets\github\spring-file\target\classes started by gpetemoya in C:\Users\gpetemoya\Documents\projets\github\spring-file)
2023-11-11T10:34:46.638+01:00  INFO 134212 --- [restartedMain] c.plg.springfile.SpringFileApplication   : No active profile set, falling back to 1 default profile: "default"
2023-11-11T10:34:46.835+01:00  INFO 134212 --- [restartedMain] o.apache.catalina.core.StandardService   : Starting service [Tomcat]
2023-11-11T10:34:46.836+01:00  INFO 134212 --- [restartedMain] o.apache.catalina.core.StandardEngine    : Starting Servlet engine: [Apache Tomcat/10.1.15]
2023-11-11T10:34:46.999+01:00  INFO 134212 --- [restartedMain] o.a.c.c.C.[Tomcat].[localhost].[/]       : Initializing Spring embedded WebApplicationContext
2023-11-11T10:34:47.234+01:00  INFO 134212 --- [restartedMain] c.plg.springfile.SpringFileApplication   : Started SpringFileApplication in 0.626 seconds (process running for 62081.892)
2023-11-11T10:34:47.236+01:00  INFO 134212 --- [restartedMain] c.plg.springfile.SpringFileApplication   : Serveur run
2023-11-11T10:34:47.265+01:00 ERROR 134212 --- [restartedMain] o.s.boot.SpringApplication               : Application run failed

java.lang.Error: Unresolved compilation problems: 
	Type mismatch: cannot convert from FileWriter to BufferedWriter
	Duplicate local variable writer2
	Type mismatch: cannot convert from FileWriter to BufferedWriter

	at com.plg.springfile.services.EvenMoreFunWithFiles.createFile(EvenMoreFunWithFiles.java:29) ~[classes/:na]
	at com.plg.springfile.SpringFileApplication.run(SpringFileApplication.java:65) ~[classes/:na]
	at org.springframework.boot.SpringApplication.callRunner(SpringApplication.java:771) ~[spring-boot-3.1.5.jar:3.1.5]
	at org.springframework.boot.SpringApplication.lambda$callRunners$3(SpringApplication.java:755) ~[spring-boot-3.1.5.jar:3.1.5]
	at java.base/java.util.stream.ForEachOps$ForEachOp$OfRef.accept(ForEachOps.java:183) ~[na:na]
	at java.base/java.util.stream.SortedOps$SizedRefSortingSink.end(SortedOps.java:357) ~[na:na]
	at java.base/java.util.stream.AbstractPipeline.copyInto(AbstractPipeline.java:510) ~[na:na]
	at java.base/java.util.stream.AbstractPipeline.wrapAndCopyInto(AbstractPipeline.java:499) ~[na:na]
	at java.base/java.util.stream.ForEachOps$ForEachOp.evaluateSequential(ForEachOps.java:150) ~[na:na]
	at java.base/java.util.stream.ForEachOps$ForEachOp$OfRef.evaluateSequential(ForEachOps.java:173) ~[na:na]
	at java.base/java.util.stream.AbstractPipeline.evaluate(AbstractPipeline.java:234) ~[na:na]
	at java.base/java.util.stream.ReferencePipeline.forEach(ReferencePipeline.java:596) ~[na:na]
	at org.springframework.boot.SpringApplication.callRunners(SpringApplication.java:750) ~[spring-boot-3.1.5.jar:3.1.5]
	at org.springframework.boot.SpringApplication.run(SpringApplication.java:323) ~[spring-boot-3.1.5.jar:3.1.5]
	at org.springframework.boot.SpringApplication.run(SpringApplication.java:1306) ~[spring-boot-3.1.5.jar:3.1.5]
	at org.springframework.boot.SpringApplication.run(SpringApplication.java:1295) ~[spring-boot-3.1.5.jar:3.1.5]
	at com.plg.springfile.SpringFileApplication.main(SpringFileApplication.java:23) ~[classes/:na]
	at java.base/jdk.internal.reflect.DirectMethodHandleAccessor.invoke(DirectMethodHandleAccessor.java:104) ~[na:na]
	at java.base/java.lang.reflect.Method.invoke(Method.java:578) ~[na:na]
	at org.springframework.boot.devtools.restart.RestartLauncher.run(RestartLauncher.java:50) ~[spring-boot-devtools-3.1.5.jar:3.1.5]

2023-11-11T10:34:49.831+01:00  INFO 134212 --- [restartedMain] c.plg.springfile.SpringFileApplication   : Starting SpringFileApplication using Java 20.0.2 with PID 134212 (C:\Users\gpetemoya\Documents\projets\github\spring-file\target\classes started by gpetemoya in C:\Users\gpetemoya\Documents\projets\github\spring-file)
2023-11-11T10:34:49.832+01:00  INFO 134212 --- [restartedMain] c.plg.springfile.SpringFileApplication   : No active profile set, falling back to 1 default profile: "default"
2023-11-11T10:34:50.001+01:00  INFO 134212 --- [restartedMain] o.apache.catalina.core.StandardService   : Starting service [Tomcat]
2023-11-11T10:34:50.002+01:00  INFO 134212 --- [restartedMain] o.apache.catalina.core.StandardEngine    : Starting Servlet engine: [Apache Tomcat/10.1.15]
2023-11-11T10:34:50.017+01:00  INFO 134212 --- [restartedMain] o.a.c.c.C.[Tomcat].[localhost].[/]       : Initializing Spring embedded WebApplicationContext
2023-11-11T10:34:50.149+01:00  INFO 134212 --- [restartedMain] c.plg.springfile.SpringFileApplication   : Started SpringFileApplication in 0.345 seconds (process running for 62084.806)
2023-11-11T10:34:50.150+01:00  INFO 134212 --- [restartedMain] c.plg.springfile.SpringFileApplication   : Serveur run
2023-11-11T10:34:50.165+01:00 ERROR 134212 --- [restartedMain] o.s.boot.SpringApplication               : Application run failed

java.lang.Error: Unresolved compilation problem: 
	Type mismatch: cannot convert from FileWriter to BufferedWriter

	at com.plg.springfile.services.EvenMoreFunWithFiles.createFile(EvenMoreFunWithFiles.java:30) ~[classes/:na]
	at com.plg.springfile.SpringFileApplication.run(SpringFileApplication.java:65) ~[classes/:na]
	at org.springframework.boot.SpringApplication.callRunner(SpringApplication.java:771) ~[spring-boot-3.1.5.jar:3.1.5]
	at org.springframework.boot.SpringApplication.lambda$callRunners$3(SpringApplication.java:755) ~[spring-boot-3.1.5.jar:3.1.5]
	at java.base/java.util.stream.ForEachOps$ForEachOp$OfRef.accept(ForEachOps.java:183) ~[na:na]
	at java.base/java.util.stream.SortedOps$SizedRefSortingSink.end(SortedOps.java:357) ~[na:na]
	at java.base/java.util.stream.AbstractPipeline.copyInto(AbstractPipeline.java:510) ~[na:na]
	at java.base/java.util.stream.AbstractPipeline.wrapAndCopyInto(AbstractPipeline.java:499) ~[na:na]
	at java.base/java.util.stream.ForEachOps$ForEachOp.evaluateSequential(ForEachOps.java:150) ~[na:na]
	at java.base/java.util.stream.ForEachOps$ForEachOp$OfRef.evaluateSequential(ForEachOps.java:173) ~[na:na]
	at java.base/java.util.stream.AbstractPipeline.evaluate(AbstractPipeline.java:234) ~[na:na]
	at java.base/java.util.stream.ReferencePipeline.forEach(ReferencePipeline.java:596) ~[na:na]
	at org.springframework.boot.SpringApplication.callRunners(SpringApplication.java:750) ~[spring-boot-3.1.5.jar:3.1.5]
	at org.springframework.boot.SpringApplication.run(SpringApplication.java:323) ~[spring-boot-3.1.5.jar:3.1.5]
	at org.springframework.boot.SpringApplication.run(SpringApplication.java:1306) ~[spring-boot-3.1.5.jar:3.1.5]
	at org.springframework.boot.SpringApplication.run(SpringApplication.java:1295) ~[spring-boot-3.1.5.jar:3.1.5]
	at com.plg.springfile.SpringFileApplication.main(SpringFileApplication.java:23) ~[classes/:na]
	at java.base/jdk.internal.reflect.DirectMethodHandleAccessor.invoke(DirectMethodHandleAccessor.java:104) ~[na:na]
	at java.base/java.lang.reflect.Method.invoke(Method.java:578) ~[na:na]
	at org.springframework.boot.devtools.restart.RestartLauncher.run(RestartLauncher.java:50) ~[spring-boot-devtools-3.1.5.jar:3.1.5]

2023-11-11T10:34:55.797+01:00  INFO 134212 --- [restartedMain] c.plg.springfile.SpringFileApplication   : Starting SpringFileApplication using Java 20.0.2 with PID 134212 (C:\Users\gpetemoya\Documents\projets\github\spring-file\target\classes started by gpetemoya in C:\Users\gpetemoya\Documents\projets\github\spring-file)
2023-11-11T10:34:55.797+01:00  INFO 134212 --- [restartedMain] c.plg.springfile.SpringFileApplication   : No active profile set, falling back to 1 default profile: "default"
2023-11-11T10:34:56.019+01:00  INFO 134212 --- [restartedMain] o.apache.catalina.core.StandardService   : Starting service [Tomcat]
2023-11-11T10:34:56.020+01:00  INFO 134212 --- [restartedMain] o.apache.catalina.core.StandardEngine    : Starting Servlet engine: [Apache Tomcat/10.1.15]
2023-11-11T10:34:56.042+01:00  INFO 134212 --- [restartedMain] o.a.c.c.C.[Tomcat].[localhost].[/]       : Initializing Spring embedded WebApplicationContext
2023-11-11T10:34:56.216+01:00  INFO 134212 --- [restartedMain] c.plg.springfile.SpringFileApplication   : Started SpringFileApplication in 0.451 seconds (process running for 62090.874)
2023-11-11T10:34:56.217+01:00  INFO 134212 --- [restartedMain] c.plg.springfile.SpringFileApplication   : Serveur run
2023-11-11T10:34:56.230+01:00 ERROR 134212 --- [restartedMain] o.s.boot.SpringApplication               : Application run failed

java.lang.Error: Unresolved compilation problems: 
	Type mismatch: cannot convert from FileWriter to BufferedWriter
	writer2 cannot be resolved
	writer2 cannot be resolved

	at com.plg.springfile.services.EvenMoreFunWithFiles.createFile(EvenMoreFunWithFiles.java:30) ~[classes/:na]
	at com.plg.springfile.SpringFileApplication.run(SpringFileApplication.java:65) ~[classes/:na]
	at org.springframework.boot.SpringApplication.callRunner(SpringApplication.java:771) ~[spring-boot-3.1.5.jar:3.1.5]
	at org.springframework.boot.SpringApplication.lambda$callRunners$3(SpringApplication.java:755) ~[spring-boot-3.1.5.jar:3.1.5]
	at java.base/java.util.stream.ForEachOps$ForEachOp$OfRef.accept(ForEachOps.java:183) ~[na:na]
	at java.base/java.util.stream.SortedOps$SizedRefSortingSink.end(SortedOps.java:357) ~[na:na]
	at java.base/java.util.stream.AbstractPipeline.copyInto(AbstractPipeline.java:510) ~[na:na]
	at java.base/java.util.stream.AbstractPipeline.wrapAndCopyInto(AbstractPipeline.java:499) ~[na:na]
	at java.base/java.util.stream.ForEachOps$ForEachOp.evaluateSequential(ForEachOps.java:150) ~[na:na]
	at java.base/java.util.stream.ForEachOps$ForEachOp$OfRef.evaluateSequential(ForEachOps.java:173) ~[na:na]
	at java.base/java.util.stream.AbstractPipeline.evaluate(AbstractPipeline.java:234) ~[na:na]
	at java.base/java.util.stream.ReferencePipeline.forEach(ReferencePipeline.java:596) ~[na:na]
	at org.springframework.boot.SpringApplication.callRunners(SpringApplication.java:750) ~[spring-boot-3.1.5.jar:3.1.5]
	at org.springframework.boot.SpringApplication.run(SpringApplication.java:323) ~[spring-boot-3.1.5.jar:3.1.5]
	at org.springframework.boot.SpringApplication.run(SpringApplication.java:1306) ~[spring-boot-3.1.5.jar:3.1.5]
	at org.springframework.boot.SpringApplication.run(SpringApplication.java:1295) ~[spring-boot-3.1.5.jar:3.1.5]
	at com.plg.springfile.SpringFileApplication.main(SpringFileApplication.java:23) ~[classes/:na]
	at java.base/jdk.internal.reflect.DirectMethodHandleAccessor.invoke(DirectMethodHandleAccessor.java:104) ~[na:na]
	at java.base/java.lang.reflect.Method.invoke(Method.java:578) ~[na:na]
	at org.springframework.boot.devtools.restart.RestartLauncher.run(RestartLauncher.java:50) ~[spring-boot-devtools-3.1.5.jar:3.1.5]

2023-11-11T10:34:57.763+01:00  INFO 134212 --- [restartedMain] c.plg.springfile.SpringFileApplication   : Starting SpringFileApplication using Java 20.0.2 with PID 134212 (C:\Users\gpetemoya\Documents\projets\github\spring-file\target\classes started by gpetemoya in C:\Users\gpetemoya\Documents\projets\github\spring-file)
2023-11-11T10:34:57.764+01:00  INFO 134212 --- [restartedMain] c.plg.springfile.SpringFileApplication   : No active profile set, falling back to 1 default profile: "default"
2023-11-11T10:34:57.928+01:00  INFO 134212 --- [restartedMain] o.apache.catalina.core.StandardService   : Starting service [Tomcat]
2023-11-11T10:34:57.928+01:00  INFO 134212 --- [restartedMain] o.apache.catalina.core.StandardEngine    : Starting Servlet engine: [Apache Tomcat/10.1.15]
2023-11-11T10:34:57.945+01:00  INFO 134212 --- [restartedMain] o.a.c.c.C.[Tomcat].[localhost].[/]       : Initializing Spring embedded WebApplicationContext
2023-11-11T10:34:58.055+01:00  INFO 134212 --- [restartedMain] c.plg.springfile.SpringFileApplication   : Started SpringFileApplication in 0.366 seconds (process running for 62092.713)
2023-11-11T10:34:58.057+01:00  INFO 134212 --- [restartedMain] c.plg.springfile.SpringFileApplication   : Serveur run
2023-11-11T10:34:58.072+01:00 ERROR 134212 --- [restartedMain] o.s.boot.SpringApplication               : Application run failed

java.lang.Error: Unresolved compilation problems: 
	Type mismatch: cannot convert from FileWriter to BufferedWriter
	writer2 cannot be resolved
	writer2 cannot be resolved

	at com.plg.springfile.services.EvenMoreFunWithFiles.createFile(EvenMoreFunWithFiles.java:30) ~[classes/:na]
	at com.plg.springfile.SpringFileApplication.run(SpringFileApplication.java:65) ~[classes/:na]
	at org.springframework.boot.SpringApplication.callRunner(SpringApplication.java:771) ~[spring-boot-3.1.5.jar:3.1.5]
	at org.springframework.boot.SpringApplication.lambda$callRunners$3(SpringApplication.java:755) ~[spring-boot-3.1.5.jar:3.1.5]
	at java.base/java.util.stream.ForEachOps$ForEachOp$OfRef.accept(ForEachOps.java:183) ~[na:na]
	at java.base/java.util.stream.SortedOps$SizedRefSortingSink.end(SortedOps.java:357) ~[na:na]
	at java.base/java.util.stream.AbstractPipeline.copyInto(AbstractPipeline.java:510) ~[na:na]
	at java.base/java.util.stream.AbstractPipeline.wrapAndCopyInto(AbstractPipeline.java:499) ~[na:na]
	at java.base/java.util.stream.ForEachOps$ForEachOp.evaluateSequential(ForEachOps.java:150) ~[na:na]
	at java.base/java.util.stream.ForEachOps$ForEachOp$OfRef.evaluateSequential(ForEachOps.java:173) ~[na:na]
	at java.base/java.util.stream.AbstractPipeline.evaluate(AbstractPipeline.java:234) ~[na:na]
	at java.base/java.util.stream.ReferencePipeline.forEach(ReferencePipeline.java:596) ~[na:na]
	at org.springframework.boot.SpringApplication.callRunners(SpringApplication.java:750) ~[spring-boot-3.1.5.jar:3.1.5]
	at org.springframework.boot.SpringApplication.run(SpringApplication.java:323) ~[spring-boot-3.1.5.jar:3.1.5]
	at org.springframework.boot.SpringApplication.run(SpringApplication.java:1306) ~[spring-boot-3.1.5.jar:3.1.5]
	at org.springframework.boot.SpringApplication.run(SpringApplication.java:1295) ~[spring-boot-3.1.5.jar:3.1.5]
	at com.plg.springfile.SpringFileApplication.main(SpringFileApplication.java:23) ~[classes/:na]
	at java.base/jdk.internal.reflect.DirectMethodHandleAccessor.invoke(DirectMethodHandleAccessor.java:104) ~[na:na]
	at java.base/java.lang.reflect.Method.invoke(Method.java:578) ~[na:na]
	at org.springframework.boot.devtools.restart.RestartLauncher.run(RestartLauncher.java:50) ~[spring-boot-devtools-3.1.5.jar:3.1.5]

2023-11-11T10:35:09.779+01:00  INFO 134212 --- [restartedMain] c.plg.springfile.SpringFileApplication   : Starting SpringFileApplication using Java 20.0.2 with PID 134212 (C:\Users\gpetemoya\Documents\projets\github\spring-file\target\classes started by gpetemoya in C:\Users\gpetemoya\Documents\projets\github\spring-file)
2023-11-11T10:35:09.780+01:00  INFO 134212 --- [restartedMain] c.plg.springfile.SpringFileApplication   : No active profile set, falling back to 1 default profile: "default"
2023-11-11T10:35:10.040+01:00  INFO 134212 --- [restartedMain] o.apache.catalina.core.StandardService   : Starting service [Tomcat]
2023-11-11T10:35:10.042+01:00  INFO 134212 --- [restartedMain] o.apache.catalina.core.StandardEngine    : Starting Servlet engine: [Apache Tomcat/10.1.15]
2023-11-11T10:35:10.063+01:00  INFO 134212 --- [restartedMain] o.a.c.c.C.[Tomcat].[localhost].[/]       : Initializing Spring embedded WebApplicationContext
2023-11-11T10:35:10.201+01:00  INFO 134212 --- [restartedMain] c.plg.springfile.SpringFileApplication   : Started SpringFileApplication in 0.457 seconds (process running for 62104.858)
2023-11-11T10:35:10.202+01:00  INFO 134212 --- [restartedMain] c.plg.springfile.SpringFileApplication   : Serveur run
2023-11-11T10:35:10.213+01:00 ERROR 134212 --- [restartedMain] o.s.boot.SpringApplication               : Application run failed

java.lang.Error: Unresolved compilation problems: 
	Syntax error, insert ":: IdentifierOrNew" to complete ReferenceExpression
	Syntax error, insert ";" to complete LocalVariableDeclarationStatement
	nnew cannot be resolved to a variable
	The method FileWriter(File) is undefined for the type EvenMoreFunWithFiles
	writer2 cannot be resolved
	writer2 cannot be resolved

	at com.plg.springfile.services.EvenMoreFunWithFiles.createFile(EvenMoreFunWithFiles.java:30) ~[classes/:na]
	at com.plg.springfile.SpringFileApplication.run(SpringFileApplication.java:65) ~[classes/:na]
	at org.springframework.boot.SpringApplication.callRunner(SpringApplication.java:771) ~[spring-boot-3.1.5.jar:3.1.5]
	at org.springframework.boot.SpringApplication.lambda$callRunners$3(SpringApplication.java:755) ~[spring-boot-3.1.5.jar:3.1.5]
	at java.base/java.util.stream.ForEachOps$ForEachOp$OfRef.accept(ForEachOps.java:183) ~[na:na]
	at java.base/java.util.stream.SortedOps$SizedRefSortingSink.end(SortedOps.java:357) ~[na:na]
	at java.base/java.util.stream.AbstractPipeline.copyInto(AbstractPipeline.java:510) ~[na:na]
	at java.base/java.util.stream.AbstractPipeline.wrapAndCopyInto(AbstractPipeline.java:499) ~[na:na]
	at java.base/java.util.stream.ForEachOps$ForEachOp.evaluateSequential(ForEachOps.java:150) ~[na:na]
	at java.base/java.util.stream.ForEachOps$ForEachOp$OfRef.evaluateSequential(ForEachOps.java:173) ~[na:na]
	at java.base/java.util.stream.AbstractPipeline.evaluate(AbstractPipeline.java:234) ~[na:na]
	at java.base/java.util.stream.ReferencePipeline.forEach(ReferencePipeline.java:596) ~[na:na]
	at org.springframework.boot.SpringApplication.callRunners(SpringApplication.java:750) ~[spring-boot-3.1.5.jar:3.1.5]
	at org.springframework.boot.SpringApplication.run(SpringApplication.java:323) ~[spring-boot-3.1.5.jar:3.1.5]
	at org.springframework.boot.SpringApplication.run(SpringApplication.java:1306) ~[spring-boot-3.1.5.jar:3.1.5]
	at org.springframework.boot.SpringApplication.run(SpringApplication.java:1295) ~[spring-boot-3.1.5.jar:3.1.5]
	at com.plg.springfile.SpringFileApplication.main(SpringFileApplication.java:23) ~[classes/:na]
	at java.base/jdk.internal.reflect.DirectMethodHandleAccessor.invoke(DirectMethodHandleAccessor.java:104) ~[na:na]
	at java.base/java.lang.reflect.Method.invoke(Method.java:578) ~[na:na]
	at org.springframework.boot.devtools.restart.RestartLauncher.run(RestartLauncher.java:50) ~[spring-boot-devtools-3.1.5.jar:3.1.5]

2023-11-11T10:35:11.717+01:00  INFO 134212 --- [restartedMain] c.plg.springfile.SpringFileApplication   : Starting SpringFileApplication using Java 20.0.2 with PID 134212 (C:\Users\gpetemoya\Documents\projets\github\spring-file\target\classes started by gpetemoya in C:\Users\gpetemoya\Documents\projets\github\spring-file)
2023-11-11T10:35:11.718+01:00  INFO 134212 --- [restartedMain] c.plg.springfile.SpringFileApplication   : No active profile set, falling back to 1 default profile: "default"
2023-11-11T10:35:11.889+01:00  INFO 134212 --- [restartedMain] o.apache.catalina.core.StandardService   : Starting service [Tomcat]
2023-11-11T10:35:11.890+01:00  INFO 134212 --- [restartedMain] o.apache.catalina.core.StandardEngine    : Starting Servlet engine: [Apache Tomcat/10.1.15]
2023-11-11T10:35:11.907+01:00  INFO 134212 --- [restartedMain] o.a.c.c.C.[Tomcat].[localhost].[/]       : Initializing Spring embedded WebApplicationContext
2023-11-11T10:35:12.028+01:00  INFO 134212 --- [restartedMain] c.plg.springfile.SpringFileApplication   : Started SpringFileApplication in 0.35 seconds (process running for 62106.686)
2023-11-11T10:35:12.029+01:00  INFO 134212 --- [restartedMain] c.plg.springfile.SpringFileApplication   : Serveur run
2023-11-11T10:35:12.044+01:00 ERROR 134212 --- [restartedMain] o.s.boot.SpringApplication               : Application run failed

java.lang.Error: Unresolved compilation problems: 
	Type mismatch: cannot convert from FileWriter to BufferedWriter
	Syntax error on token "new", delete this token
	writer2 cannot be resolved
	writer2 cannot be resolved

	at com.plg.springfile.services.EvenMoreFunWithFiles.createFile(EvenMoreFunWithFiles.java:30) ~[classes/:na]
	at com.plg.springfile.SpringFileApplication.run(SpringFileApplication.java:65) ~[classes/:na]
	at org.springframework.boot.SpringApplication.callRunner(SpringApplication.java:771) ~[spring-boot-3.1.5.jar:3.1.5]
	at org.springframework.boot.SpringApplication.lambda$callRunners$3(SpringApplication.java:755) ~[spring-boot-3.1.5.jar:3.1.5]
	at java.base/java.util.stream.ForEachOps$ForEachOp$OfRef.accept(ForEachOps.java:183) ~[na:na]
	at java.base/java.util.stream.SortedOps$SizedRefSortingSink.end(SortedOps.java:357) ~[na:na]
	at java.base/java.util.stream.AbstractPipeline.copyInto(AbstractPipeline.java:510) ~[na:na]
	at java.base/java.util.stream.AbstractPipeline.wrapAndCopyInto(AbstractPipeline.java:499) ~[na:na]
	at java.base/java.util.stream.ForEachOps$ForEachOp.evaluateSequential(ForEachOps.java:150) ~[na:na]
	at java.base/java.util.stream.ForEachOps$ForEachOp$OfRef.evaluateSequential(ForEachOps.java:173) ~[na:na]
	at java.base/java.util.stream.AbstractPipeline.evaluate(AbstractPipeline.java:234) ~[na:na]
	at java.base/java.util.stream.ReferencePipeline.forEach(ReferencePipeline.java:596) ~[na:na]
	at org.springframework.boot.SpringApplication.callRunners(SpringApplication.java:750) ~[spring-boot-3.1.5.jar:3.1.5]
	at org.springframework.boot.SpringApplication.run(SpringApplication.java:323) ~[spring-boot-3.1.5.jar:3.1.5]
	at org.springframework.boot.SpringApplication.run(SpringApplication.java:1306) ~[spring-boot-3.1.5.jar:3.1.5]
	at org.springframework.boot.SpringApplication.run(SpringApplication.java:1295) ~[spring-boot-3.1.5.jar:3.1.5]
	at com.plg.springfile.SpringFileApplication.main(SpringFileApplication.java:23) ~[classes/:na]
	at java.base/jdk.internal.reflect.DirectMethodHandleAccessor.invoke(DirectMethodHandleAccessor.java:104) ~[na:na]
	at java.base/java.lang.reflect.Method.invoke(Method.java:578) ~[na:na]
	at org.springframework.boot.devtools.restart.RestartLauncher.run(RestartLauncher.java:50) ~[spring-boot-devtools-3.1.5.jar:3.1.5]

2023-11-11T10:35:14.554+01:00  INFO 134212 --- [restartedMain] c.plg.springfile.SpringFileApplication   : Starting SpringFileApplication using Java 20.0.2 with PID 134212 (C:\Users\gpetemoya\Documents\projets\github\spring-file\target\classes started by gpetemoya in C:\Users\gpetemoya\Documents\projets\github\spring-file)
2023-11-11T10:35:14.554+01:00  INFO 134212 --- [restartedMain] c.plg.springfile.SpringFileApplication   : No active profile set, falling back to 1 default profile: "default"
2023-11-11T10:35:14.803+01:00  INFO 134212 --- [restartedMain] o.apache.catalina.core.StandardService   : Starting service [Tomcat]
2023-11-11T10:35:14.804+01:00  INFO 134212 --- [restartedMain] o.apache.catalina.core.StandardEngine    : Starting Servlet engine: [Apache Tomcat/10.1.15]
2023-11-11T10:35:14.818+01:00  INFO 134212 --- [restartedMain] o.a.c.c.C.[Tomcat].[localhost].[/]       : Initializing Spring embedded WebApplicationContext
2023-11-11T10:35:14.954+01:00  INFO 134212 --- [restartedMain] c.plg.springfile.SpringFileApplication   : Started SpringFileApplication in 0.429 seconds (process running for 62109.612)
2023-11-11T10:35:14.956+01:00  INFO 134212 --- [restartedMain] c.plg.springfile.SpringFileApplication   : Serveur run
2023-11-11T10:35:14.968+01:00 ERROR 134212 --- [restartedMain] o.s.boot.SpringApplication               : Application run failed

java.lang.Error: Unresolved compilation problems: 
	Syntax error, insert ";" to complete LocalVariableDeclarationStatement
	writer2 cannot be resolved
	writer2 cannot be resolved

	at com.plg.springfile.services.EvenMoreFunWithFiles.createFile(EvenMoreFunWithFiles.java:30) ~[classes/:na]
	at com.plg.springfile.SpringFileApplication.run(SpringFileApplication.java:65) ~[classes/:na]
	at org.springframework.boot.SpringApplication.callRunner(SpringApplication.java:771) ~[spring-boot-3.1.5.jar:3.1.5]
	at org.springframework.boot.SpringApplication.lambda$callRunners$3(SpringApplication.java:755) ~[spring-boot-3.1.5.jar:3.1.5]
	at java.base/java.util.stream.ForEachOps$ForEachOp$OfRef.accept(ForEachOps.java:183) ~[na:na]
	at java.base/java.util.stream.SortedOps$SizedRefSortingSink.end(SortedOps.java:357) ~[na:na]
	at java.base/java.util.stream.AbstractPipeline.copyInto(AbstractPipeline.java:510) ~[na:na]
	at java.base/java.util.stream.AbstractPipeline.wrapAndCopyInto(AbstractPipeline.java:499) ~[na:na]
	at java.base/java.util.stream.ForEachOps$ForEachOp.evaluateSequential(ForEachOps.java:150) ~[na:na]
	at java.base/java.util.stream.ForEachOps$ForEachOp$OfRef.evaluateSequential(ForEachOps.java:173) ~[na:na]
	at java.base/java.util.stream.AbstractPipeline.evaluate(AbstractPipeline.java:234) ~[na:na]
	at java.base/java.util.stream.ReferencePipeline.forEach(ReferencePipeline.java:596) ~[na:na]
	at org.springframework.boot.SpringApplication.callRunners(SpringApplication.java:750) ~[spring-boot-3.1.5.jar:3.1.5]
	at org.springframework.boot.SpringApplication.run(SpringApplication.java:323) ~[spring-boot-3.1.5.jar:3.1.5]
	at org.springframework.boot.SpringApplication.run(SpringApplication.java:1306) ~[spring-boot-3.1.5.jar:3.1.5]
	at org.springframework.boot.SpringApplication.run(SpringApplication.java:1295) ~[spring-boot-3.1.5.jar:3.1.5]
	at com.plg.springfile.SpringFileApplication.main(SpringFileApplication.java:23) ~[classes/:na]
	at java.base/jdk.internal.reflect.DirectMethodHandleAccessor.invoke(DirectMethodHandleAccessor.java:104) ~[na:na]
	at java.base/java.lang.reflect.Method.invoke(Method.java:578) ~[na:na]
	at org.springframework.boot.devtools.restart.RestartLauncher.run(RestartLauncher.java:50) ~[spring-boot-devtools-3.1.5.jar:3.1.5]

2023-11-11T10:35:21.632+01:00  INFO 134212 --- [restartedMain] c.plg.springfile.SpringFileApplication   : Starting SpringFileApplication using Java 20.0.2 with PID 134212 (C:\Users\gpetemoya\Documents\projets\github\spring-file\target\classes started by gpetemoya in C:\Users\gpetemoya\Documents\projets\github\spring-file)
2023-11-11T10:35:21.643+01:00  INFO 134212 --- [restartedMain] c.plg.springfile.SpringFileApplication   : No active profile set, falling back to 1 default profile: "default"
2023-11-11T10:35:21.868+01:00  INFO 134212 --- [restartedMain] o.apache.catalina.core.StandardService   : Starting service [Tomcat]
2023-11-11T10:35:21.869+01:00  INFO 134212 --- [restartedMain] o.apache.catalina.core.StandardEngine    : Starting Servlet engine: [Apache Tomcat/10.1.15]
2023-11-11T10:35:21.884+01:00  INFO 134212 --- [restartedMain] o.a.c.c.C.[Tomcat].[localhost].[/]       : Initializing Spring embedded WebApplicationContext
2023-11-11T10:35:22.030+01:00  INFO 134212 --- [restartedMain] c.plg.springfile.SpringFileApplication   : Started SpringFileApplication in 0.462 seconds (process running for 62116.688)
2023-11-11T10:35:22.031+01:00  INFO 134212 --- [restartedMain] c.plg.springfile.SpringFileApplication   : Serveur run
2023-11-11T10:35:22.042+01:00 ERROR 134212 --- [restartedMain] o.s.boot.SpringApplication               : Application run failed

java.lang.Error: Unresolved compilation problems: 
	writer2 cannot be resolved
	writer2 cannot be resolved

	at com.plg.springfile.services.EvenMoreFunWithFiles.createFile(EvenMoreFunWithFiles.java:31) ~[classes/:na]
	at com.plg.springfile.SpringFileApplication.run(SpringFileApplication.java:65) ~[classes/:na]
	at org.springframework.boot.SpringApplication.callRunner(SpringApplication.java:771) ~[spring-boot-3.1.5.jar:3.1.5]
	at org.springframework.boot.SpringApplication.lambda$callRunners$3(SpringApplication.java:755) ~[spring-boot-3.1.5.jar:3.1.5]
	at java.base/java.util.stream.ForEachOps$ForEachOp$OfRef.accept(ForEachOps.java:183) ~[na:na]
	at java.base/java.util.stream.SortedOps$SizedRefSortingSink.end(SortedOps.java:357) ~[na:na]
	at java.base/java.util.stream.AbstractPipeline.copyInto(AbstractPipeline.java:510) ~[na:na]
	at java.base/java.util.stream.AbstractPipeline.wrapAndCopyInto(AbstractPipeline.java:499) ~[na:na]
	at java.base/java.util.stream.ForEachOps$ForEachOp.evaluateSequential(ForEachOps.java:150) ~[na:na]
	at java.base/java.util.stream.ForEachOps$ForEachOp$OfRef.evaluateSequential(ForEachOps.java:173) ~[na:na]
	at java.base/java.util.stream.AbstractPipeline.evaluate(AbstractPipeline.java:234) ~[na:na]
	at java.base/java.util.stream.ReferencePipeline.forEach(ReferencePipeline.java:596) ~[na:na]
	at org.springframework.boot.SpringApplication.callRunners(SpringApplication.java:750) ~[spring-boot-3.1.5.jar:3.1.5]
	at org.springframework.boot.SpringApplication.run(SpringApplication.java:323) ~[spring-boot-3.1.5.jar:3.1.5]
	at org.springframework.boot.SpringApplication.run(SpringApplication.java:1306) ~[spring-boot-3.1.5.jar:3.1.5]
	at org.springframework.boot.SpringApplication.run(SpringApplication.java:1295) ~[spring-boot-3.1.5.jar:3.1.5]
	at com.plg.springfile.SpringFileApplication.main(SpringFileApplication.java:23) ~[classes/:na]
	at java.base/jdk.internal.reflect.DirectMethodHandleAccessor.invoke(DirectMethodHandleAccessor.java:104) ~[na:na]
	at java.base/java.lang.reflect.Method.invoke(Method.java:578) ~[na:na]
	at org.springframework.boot.devtools.restart.RestartLauncher.run(RestartLauncher.java:50) ~[spring-boot-devtools-3.1.5.jar:3.1.5]

2023-11-11T10:35:24.608+01:00  INFO 134212 --- [restartedMain] c.plg.springfile.SpringFileApplication   : Starting SpringFileApplication using Java 20.0.2 with PID 134212 (C:\Users\gpetemoya\Documents\projets\github\spring-file\target\classes started by gpetemoya in C:\Users\gpetemoya\Documents\projets\github\spring-file)
2023-11-11T10:35:24.609+01:00  INFO 134212 --- [restartedMain] c.plg.springfile.SpringFileApplication   : No active profile set, falling back to 1 default profile: "default"
2023-11-11T10:35:24.793+01:00  INFO 134212 --- [restartedMain] o.apache.catalina.core.StandardService   : Starting service [Tomcat]
2023-11-11T10:35:24.793+01:00  INFO 134212 --- [restartedMain] o.apache.catalina.core.StandardEngine    : Starting Servlet engine: [Apache Tomcat/10.1.15]
2023-11-11T10:35:24.807+01:00  INFO 134212 --- [restartedMain] o.a.c.c.C.[Tomcat].[localhost].[/]       : Initializing Spring embedded WebApplicationContext
2023-11-11T10:35:24.918+01:00  INFO 134212 --- [restartedMain] c.plg.springfile.SpringFileApplication   : Started SpringFileApplication in 0.39 seconds (process running for 62119.576)
2023-11-11T10:35:24.920+01:00  INFO 134212 --- [restartedMain] c.plg.springfile.SpringFileApplication   : Serveur run
2023-11-11T10:35:24.932+01:00 ERROR 134212 --- [restartedMain] o.s.boot.SpringApplication               : Application run failed

java.lang.Error: Unresolved compilation problems: 
	writer2 cannot be resolved
	writer2 cannot be resolved

	at com.plg.springfile.services.EvenMoreFunWithFiles.createFile(EvenMoreFunWithFiles.java:31) ~[classes/:na]
	at com.plg.springfile.SpringFileApplication.run(SpringFileApplication.java:65) ~[classes/:na]
	at org.springframework.boot.SpringApplication.callRunner(SpringApplication.java:771) ~[spring-boot-3.1.5.jar:3.1.5]
	at org.springframework.boot.SpringApplication.lambda$callRunners$3(SpringApplication.java:755) ~[spring-boot-3.1.5.jar:3.1.5]
	at java.base/java.util.stream.ForEachOps$ForEachOp$OfRef.accept(ForEachOps.java:183) ~[na:na]
	at java.base/java.util.stream.SortedOps$SizedRefSortingSink.end(SortedOps.java:357) ~[na:na]
	at java.base/java.util.stream.AbstractPipeline.copyInto(AbstractPipeline.java:510) ~[na:na]
	at java.base/java.util.stream.AbstractPipeline.wrapAndCopyInto(AbstractPipeline.java:499) ~[na:na]
	at java.base/java.util.stream.ForEachOps$ForEachOp.evaluateSequential(ForEachOps.java:150) ~[na:na]
	at java.base/java.util.stream.ForEachOps$ForEachOp$OfRef.evaluateSequential(ForEachOps.java:173) ~[na:na]
	at java.base/java.util.stream.AbstractPipeline.evaluate(AbstractPipeline.java:234) ~[na:na]
	at java.base/java.util.stream.ReferencePipeline.forEach(ReferencePipeline.java:596) ~[na:na]
	at org.springframework.boot.SpringApplication.callRunners(SpringApplication.java:750) ~[spring-boot-3.1.5.jar:3.1.5]
	at org.springframework.boot.SpringApplication.run(SpringApplication.java:323) ~[spring-boot-3.1.5.jar:3.1.5]
	at org.springframework.boot.SpringApplication.run(SpringApplication.java:1306) ~[spring-boot-3.1.5.jar:3.1.5]
	at org.springframework.boot.SpringApplication.run(SpringApplication.java:1295) ~[spring-boot-3.1.5.jar:3.1.5]
	at com.plg.springfile.SpringFileApplication.main(SpringFileApplication.java:23) ~[classes/:na]
	at java.base/jdk.internal.reflect.DirectMethodHandleAccessor.invoke(DirectMethodHandleAccessor.java:104) ~[na:na]
	at java.base/java.lang.reflect.Method.invoke(Method.java:578) ~[na:na]
	at org.springframework.boot.devtools.restart.RestartLauncher.run(RestartLauncher.java:50) ~[spring-boot-devtools-3.1.5.jar:3.1.5]

2023-11-11T10:35:29.552+01:00  INFO 134212 --- [restartedMain] c.plg.springfile.SpringFileApplication   : Starting SpringFileApplication using Java 20.0.2 with PID 134212 (C:\Users\gpetemoya\Documents\projets\github\spring-file\target\classes started by gpetemoya in C:\Users\gpetemoya\Documents\projets\github\spring-file)
2023-11-11T10:35:29.553+01:00  INFO 134212 --- [restartedMain] c.plg.springfile.SpringFileApplication   : No active profile set, falling back to 1 default profile: "default"
2023-11-11T10:35:29.751+01:00  INFO 134212 --- [restartedMain] o.apache.catalina.core.StandardService   : Starting service [Tomcat]
2023-11-11T10:35:29.752+01:00  INFO 134212 --- [restartedMain] o.apache.catalina.core.StandardEngine    : Starting Servlet engine: [Apache Tomcat/10.1.15]
2023-11-11T10:35:29.767+01:00  INFO 134212 --- [restartedMain] o.a.c.c.C.[Tomcat].[localhost].[/]       : Initializing Spring embedded WebApplicationContext
2023-11-11T10:35:29.892+01:00  INFO 134212 --- [restartedMain] c.plg.springfile.SpringFileApplication   : Started SpringFileApplication in 0.392 seconds (process running for 62124.55)
2023-11-11T10:35:29.893+01:00  INFO 134212 --- [restartedMain] c.plg.springfile.SpringFileApplication   : Serveur run
2023-11-11T10:35:30.560+01:00 ERROR 134212 --- [restartedMain] o.s.boot.SpringApplication               : Application run failed

java.lang.Error: Unresolved compilation problems: 
	b cannot be resolved
	writer2 cannot be resolved

	at com.plg.springfile.services.EvenMoreFunWithFiles.createFile(EvenMoreFunWithFiles.java:31) ~[classes/:na]
	at com.plg.springfile.SpringFileApplication.run(SpringFileApplication.java:65) ~[classes/:na]
	at org.springframework.boot.SpringApplication.callRunner(SpringApplication.java:771) ~[spring-boot-3.1.5.jar:3.1.5]
	at org.springframework.boot.SpringApplication.lambda$callRunners$3(SpringApplication.java:755) ~[spring-boot-3.1.5.jar:3.1.5]
	at java.base/java.util.stream.ForEachOps$ForEachOp$OfRef.accept(ForEachOps.java:183) ~[na:na]
	at java.base/java.util.stream.SortedOps$SizedRefSortingSink.end(SortedOps.java:357) ~[na:na]
	at java.base/java.util.stream.AbstractPipeline.copyInto(AbstractPipeline.java:510) ~[na:na]
	at java.base/java.util.stream.AbstractPipeline.wrapAndCopyInto(AbstractPipeline.java:499) ~[na:na]
	at java.base/java.util.stream.ForEachOps$ForEachOp.evaluateSequential(ForEachOps.java:150) ~[na:na]
	at java.base/java.util.stream.ForEachOps$ForEachOp$OfRef.evaluateSequential(ForEachOps.java:173) ~[na:na]
	at java.base/java.util.stream.AbstractPipeline.evaluate(AbstractPipeline.java:234) ~[na:na]
	at java.base/java.util.stream.ReferencePipeline.forEach(ReferencePipeline.java:596) ~[na:na]
	at org.springframework.boot.SpringApplication.callRunners(SpringApplication.java:750) ~[spring-boot-3.1.5.jar:3.1.5]
	at org.springframework.boot.SpringApplication.run(SpringApplication.java:323) ~[spring-boot-3.1.5.jar:3.1.5]
	at org.springframework.boot.SpringApplication.run(SpringApplication.java:1306) ~[spring-boot-3.1.5.jar:3.1.5]
	at org.springframework.boot.SpringApplication.run(SpringApplication.java:1295) ~[spring-boot-3.1.5.jar:3.1.5]
	at com.plg.springfile.SpringFileApplication.main(SpringFileApplication.java:23) ~[classes/:na]
	at java.base/jdk.internal.reflect.DirectMethodHandleAccessor.invoke(DirectMethodHandleAccessor.java:104) ~[na:na]
	at java.base/java.lang.reflect.Method.invoke(Method.java:578) ~[na:na]
	at org.springframework.boot.devtools.restart.RestartLauncher.run(RestartLauncher.java:50) ~[spring-boot-devtools-3.1.5.jar:3.1.5]

2023-11-11T10:35:32.088+01:00  INFO 134212 --- [restartedMain] c.plg.springfile.SpringFileApplication   : Starting SpringFileApplication using Java 20.0.2 with PID 134212 (C:\Users\gpetemoya\Documents\projets\github\spring-file\target\classes started by gpetemoya in C:\Users\gpetemoya\Documents\projets\github\spring-file)
2023-11-11T10:35:32.088+01:00  INFO 134212 --- [restartedMain] c.plg.springfile.SpringFileApplication   : No active profile set, falling back to 1 default profile: "default"
2023-11-11T10:35:32.283+01:00  INFO 134212 --- [restartedMain] o.apache.catalina.core.StandardService   : Starting service [Tomcat]
2023-11-11T10:35:32.285+01:00  INFO 134212 --- [restartedMain] o.apache.catalina.core.StandardEngine    : Starting Servlet engine: [Apache Tomcat/10.1.15]
2023-11-11T10:35:32.301+01:00  INFO 134212 --- [restartedMain] o.a.c.c.C.[Tomcat].[localhost].[/]       : Initializing Spring embedded WebApplicationContext
2023-11-11T10:35:32.501+01:00  INFO 134212 --- [restartedMain] c.plg.springfile.SpringFileApplication   : Started SpringFileApplication in 0.445 seconds (process running for 62127.158)
2023-11-11T10:35:32.503+01:00  INFO 134212 --- [restartedMain] c.plg.springfile.SpringFileApplication   : Serveur run
2023-11-11T10:35:32.529+01:00 ERROR 134212 --- [restartedMain] o.s.boot.SpringApplication               : Application run failed

java.lang.Error: Unresolved compilation problem: 
	writer2 cannot be resolved

	at com.plg.springfile.services.EvenMoreFunWithFiles.createFile(EvenMoreFunWithFiles.java:33) ~[classes/:na]
	at com.plg.springfile.SpringFileApplication.run(SpringFileApplication.java:65) ~[classes/:na]
	at org.springframework.boot.SpringApplication.callRunner(SpringApplication.java:771) ~[spring-boot-3.1.5.jar:3.1.5]
	at org.springframework.boot.SpringApplication.lambda$callRunners$3(SpringApplication.java:755) ~[spring-boot-3.1.5.jar:3.1.5]
	at java.base/java.util.stream.ForEachOps$ForEachOp$OfRef.accept(ForEachOps.java:183) ~[na:na]
	at java.base/java.util.stream.SortedOps$SizedRefSortingSink.end(SortedOps.java:357) ~[na:na]
	at java.base/java.util.stream.AbstractPipeline.copyInto(AbstractPipeline.java:510) ~[na:na]
	at java.base/java.util.stream.AbstractPipeline.wrapAndCopyInto(AbstractPipeline.java:499) ~[na:na]
	at java.base/java.util.stream.ForEachOps$ForEachOp.evaluateSequential(ForEachOps.java:150) ~[na:na]
	at java.base/java.util.stream.ForEachOps$ForEachOp$OfRef.evaluateSequential(ForEachOps.java:173) ~[na:na]
	at java.base/java.util.stream.AbstractPipeline.evaluate(AbstractPipeline.java:234) ~[na:na]
	at java.base/java.util.stream.ReferencePipeline.forEach(ReferencePipeline.java:596) ~[na:na]
	at org.springframework.boot.SpringApplication.callRunners(SpringApplication.java:750) ~[spring-boot-3.1.5.jar:3.1.5]
	at org.springframework.boot.SpringApplication.run(SpringApplication.java:323) ~[spring-boot-3.1.5.jar:3.1.5]
	at org.springframework.boot.SpringApplication.run(SpringApplication.java:1306) ~[spring-boot-3.1.5.jar:3.1.5]
	at org.springframework.boot.SpringApplication.run(SpringApplication.java:1295) ~[spring-boot-3.1.5.jar:3.1.5]
	at com.plg.springfile.SpringFileApplication.main(SpringFileApplication.java:23) ~[classes/:na]
	at java.base/jdk.internal.reflect.DirectMethodHandleAccessor.invoke(DirectMethodHandleAccessor.java:104) ~[na:na]
	at java.base/java.lang.reflect.Method.invoke(Method.java:578) ~[na:na]
	at org.springframework.boot.devtools.restart.RestartLauncher.run(RestartLauncher.java:50) ~[spring-boot-devtools-3.1.5.jar:3.1.5]

2023-11-11T10:35:40.125+01:00  INFO 134212 --- [restartedMain] c.plg.springfile.SpringFileApplication   : Starting SpringFileApplication using Java 20.0.2 with PID 134212 (C:\Users\gpetemoya\Documents\projets\github\spring-file\target\classes started by gpetemoya in C:\Users\gpetemoya\Documents\projets\github\spring-file)
2023-11-11T10:35:40.125+01:00  INFO 134212 --- [restartedMain] c.plg.springfile.SpringFileApplication   : No active profile set, falling back to 1 default profile: "default"
2023-11-11T10:35:40.339+01:00  INFO 134212 --- [restartedMain] o.apache.catalina.core.StandardService   : Starting service [Tomcat]
2023-11-11T10:35:40.340+01:00  INFO 134212 --- [restartedMain] o.apache.catalina.core.StandardEngine    : Starting Servlet engine: [Apache Tomcat/10.1.15]
2023-11-11T10:35:40.361+01:00  INFO 134212 --- [restartedMain] o.a.c.c.C.[Tomcat].[localhost].[/]       : Initializing Spring embedded WebApplicationContext
2023-11-11T10:35:40.514+01:00  INFO 134212 --- [restartedMain] c.plg.springfile.SpringFileApplication   : Started SpringFileApplication in 0.427 seconds (process running for 62135.172)
2023-11-11T10:35:40.515+01:00  INFO 134212 --- [restartedMain] c.plg.springfile.SpringFileApplication   : Serveur run
2023-11-11T10:35:40.524+01:00  INFO 134212 --- [restartedMain] c.p.s.services.EvenMoreFunWithFiles      : FICHIER CREEE
2023-11-11T10:37:11.890+01:00  INFO 153072 --- [restartedMain] c.plg.springfile.SpringFileApplication   : Starting SpringFileApplication using Java 20.0.2 with PID 153072 (C:\Users\gpetemoya\Documents\projets\github\spring-file\target\classes started by gpetemoya in C:\Users\gpetemoya\Documents\projets\github\spring-file)
2023-11-11T10:37:11.893+01:00  INFO 153072 --- [restartedMain] c.plg.springfile.SpringFileApplication   : No active profile set, falling back to 1 default profile: "default"
2023-11-11T10:37:18.570+01:00  INFO 153072 --- [restartedMain] o.apache.catalina.core.StandardService   : Starting service [Tomcat]
2023-11-11T10:37:18.571+01:00  INFO 153072 --- [restartedMain] o.apache.catalina.core.StandardEngine    : Starting Servlet engine: [Apache Tomcat/10.1.15]
2023-11-11T10:37:18.690+01:00  INFO 153072 --- [restartedMain] o.a.c.c.C.[Tomcat].[localhost].[/]       : Initializing Spring embedded WebApplicationContext
2023-11-11T10:37:20.796+01:00  INFO 153072 --- [restartedMain] c.plg.springfile.SpringFileApplication   : Started SpringFileApplication in 11.227 seconds (process running for 13.177)
2023-11-11T10:37:20.798+01:00  INFO 153072 --- [restartedMain] c.plg.springfile.SpringFileApplication   : Serveur run
2023-11-11T10:37:20.812+01:00  INFO 153072 --- [restartedMain] c.p.s.services.EvenMoreFunWithFiles      : FICHIER CREEE
2023-11-11T10:40:13.271+01:00  INFO 153072 --- [Thread-5] o.apache.catalina.core.StandardService   : Stopping service [Tomcat]
2023-11-11T10:40:13.388+01:00  INFO 153072 --- [restartedMain] c.plg.springfile.SpringFileApplication   : Starting SpringFileApplication using Java 20.0.2 with PID 153072 (C:\Users\gpetemoya\Documents\projets\github\spring-file\target\classes started by gpetemoya in C:\Users\gpetemoya\Documents\projets\github\spring-file)
2023-11-11T10:40:13.389+01:00  INFO 153072 --- [restartedMain] c.plg.springfile.SpringFileApplication   : No active profile set, falling back to 1 default profile: "default"
2023-11-11T10:40:13.673+01:00  INFO 153072 --- [restartedMain] o.apache.catalina.core.StandardService   : Starting service [Tomcat]
2023-11-11T10:40:13.675+01:00  INFO 153072 --- [restartedMain] o.apache.catalina.core.StandardEngine    : Starting Servlet engine: [Apache Tomcat/10.1.15]
2023-11-11T10:40:13.696+01:00  INFO 153072 --- [restartedMain] o.a.c.c.C.[Tomcat].[localhost].[/]       : Initializing Spring embedded WebApplicationContext
2023-11-11T10:40:13.962+01:00  INFO 153072 --- [restartedMain] c.plg.springfile.SpringFileApplication   : Started SpringFileApplication in 0.618 seconds (process running for 186.343)
2023-11-11T10:40:13.963+01:00  INFO 153072 --- [restartedMain] c.plg.springfile.SpringFileApplication   : Serveur run
2023-11-11T10:40:14.041+01:00 ERROR 153072 --- [restartedMain] o.s.boot.SpringApplication               : Application run failed

java.lang.Error: Unresolved compilation problem: 
	Syntax error, insert ";" to complete Statement

	at com.plg.springfile.services.EvenMoreFunWithFiles.createFile(EvenMoreFunWithFiles.java:20) ~[classes/:na]
	at com.plg.springfile.SpringFileApplication.run(SpringFileApplication.java:65) ~[classes/:na]
	at org.springframework.boot.SpringApplication.callRunner(SpringApplication.java:771) ~[spring-boot-3.1.5.jar:3.1.5]
	at org.springframework.boot.SpringApplication.lambda$callRunners$3(SpringApplication.java:755) ~[spring-boot-3.1.5.jar:3.1.5]
	at java.base/java.util.stream.ForEachOps$ForEachOp$OfRef.accept(ForEachOps.java:183) ~[na:na]
	at java.base/java.util.stream.SortedOps$SizedRefSortingSink.end(SortedOps.java:357) ~[na:na]
	at java.base/java.util.stream.AbstractPipeline.copyInto(AbstractPipeline.java:510) ~[na:na]
	at java.base/java.util.stream.AbstractPipeline.wrapAndCopyInto(AbstractPipeline.java:499) ~[na:na]
	at java.base/java.util.stream.ForEachOps$ForEachOp.evaluateSequential(ForEachOps.java:150) ~[na:na]
	at java.base/java.util.stream.ForEachOps$ForEachOp$OfRef.evaluateSequential(ForEachOps.java:173) ~[na:na]
	at java.base/java.util.stream.AbstractPipeline.evaluate(AbstractPipeline.java:234) ~[na:na]
	at java.base/java.util.stream.ReferencePipeline.forEach(ReferencePipeline.java:596) ~[na:na]
	at org.springframework.boot.SpringApplication.callRunners(SpringApplication.java:750) ~[spring-boot-3.1.5.jar:3.1.5]
	at org.springframework.boot.SpringApplication.run(SpringApplication.java:323) ~[spring-boot-3.1.5.jar:3.1.5]
	at org.springframework.boot.SpringApplication.run(SpringApplication.java:1306) ~[spring-boot-3.1.5.jar:3.1.5]
	at org.springframework.boot.SpringApplication.run(SpringApplication.java:1295) ~[spring-boot-3.1.5.jar:3.1.5]
	at com.plg.springfile.SpringFileApplication.main(SpringFileApplication.java:23) ~[classes/:na]
	at java.base/jdk.internal.reflect.DirectMethodHandleAccessor.invoke(DirectMethodHandleAccessor.java:104) ~[na:na]
	at java.base/java.lang.reflect.Method.invoke(Method.java:578) ~[na:na]
	at org.springframework.boot.devtools.restart.RestartLauncher.run(RestartLauncher.java:50) ~[spring-boot-devtools-3.1.5.jar:3.1.5]

2023-11-11T10:40:15.627+01:00  INFO 153072 --- [restartedMain] c.plg.springfile.SpringFileApplication   : Starting SpringFileApplication using Java 20.0.2 with PID 153072 (C:\Users\gpetemoya\Documents\projets\github\spring-file\target\classes started by gpetemoya in C:\Users\gpetemoya\Documents\projets\github\spring-file)
2023-11-11T10:40:15.629+01:00  INFO 153072 --- [restartedMain] c.plg.springfile.SpringFileApplication   : No active profile set, falling back to 1 default profile: "default"
2023-11-11T10:40:15.854+01:00  INFO 153072 --- [restartedMain] o.apache.catalina.core.StandardService   : Starting service [Tomcat]
2023-11-11T10:40:15.854+01:00  INFO 153072 --- [restartedMain] o.apache.catalina.core.StandardEngine    : Starting Servlet engine: [Apache Tomcat/10.1.15]
2023-11-11T10:40:15.875+01:00  INFO 153072 --- [restartedMain] o.a.c.c.C.[Tomcat].[localhost].[/]       : Initializing Spring embedded WebApplicationContext
2023-11-11T10:40:16.047+01:00  INFO 153072 --- [restartedMain] c.plg.springfile.SpringFileApplication   : Started SpringFileApplication in 0.504 seconds (process running for 188.428)
2023-11-11T10:40:16.049+01:00  INFO 153072 --- [restartedMain] c.plg.springfile.SpringFileApplication   : Serveur run
2023-11-11T10:40:16.063+01:00  INFO 153072 --- [restartedMain] c.p.s.services.EvenMoreFunWithFiles      : FICHIER CREEE
2023-11-11T10:40:21.585+01:00  INFO 153072 --- [Thread-7] o.apache.catalina.core.StandardService   : Stopping service [Tomcat]
2023-11-11T10:40:21.699+01:00  INFO 153072 --- [restartedMain] c.plg.springfile.SpringFileApplication   : Starting SpringFileApplication using Java 20.0.2 with PID 153072 (C:\Users\gpetemoya\Documents\projets\github\spring-file\target\classes started by gpetemoya in C:\Users\gpetemoya\Documents\projets\github\spring-file)
2023-11-11T10:40:21.700+01:00  INFO 153072 --- [restartedMain] c.plg.springfile.SpringFileApplication   : No active profile set, falling back to 1 default profile: "default"
2023-11-11T10:40:21.909+01:00  INFO 153072 --- [restartedMain] o.apache.catalina.core.StandardService   : Starting service [Tomcat]
2023-11-11T10:40:21.910+01:00  INFO 153072 --- [restartedMain] o.apache.catalina.core.StandardEngine    : Starting Servlet engine: [Apache Tomcat/10.1.15]
2023-11-11T10:40:21.928+01:00  INFO 153072 --- [restartedMain] o.a.c.c.C.[Tomcat].[localhost].[/]       : Initializing Spring embedded WebApplicationContext
2023-11-11T10:40:22.055+01:00  INFO 153072 --- [restartedMain] c.plg.springfile.SpringFileApplication   : Started SpringFileApplication in 0.387 seconds (process running for 194.436)
2023-11-11T10:40:22.056+01:00  INFO 153072 --- [restartedMain] c.plg.springfile.SpringFileApplication   : Serveur run
2023-11-11T10:40:22.069+01:00 ERROR 153072 --- [restartedMain] o.s.boot.SpringApplication               : Application run failed

java.lang.Error: Unresolved compilation problem: 
	Duplicate local variable file

	at com.plg.springfile.services.EvenMoreFunWithFiles.createFile(EvenMoreFunWithFiles.java:20) ~[classes/:na]
	at com.plg.springfile.SpringFileApplication.run(SpringFileApplication.java:65) ~[classes/:na]
	at org.springframework.boot.SpringApplication.callRunner(SpringApplication.java:771) ~[spring-boot-3.1.5.jar:3.1.5]
	at org.springframework.boot.SpringApplication.lambda$callRunners$3(SpringApplication.java:755) ~[spring-boot-3.1.5.jar:3.1.5]
	at java.base/java.util.stream.ForEachOps$ForEachOp$OfRef.accept(ForEachOps.java:183) ~[na:na]
	at java.base/java.util.stream.SortedOps$SizedRefSortingSink.end(SortedOps.java:357) ~[na:na]
	at java.base/java.util.stream.AbstractPipeline.copyInto(AbstractPipeline.java:510) ~[na:na]
	at java.base/java.util.stream.AbstractPipeline.wrapAndCopyInto(AbstractPipeline.java:499) ~[na:na]
	at java.base/java.util.stream.ForEachOps$ForEachOp.evaluateSequential(ForEachOps.java:150) ~[na:na]
	at java.base/java.util.stream.ForEachOps$ForEachOp$OfRef.evaluateSequential(ForEachOps.java:173) ~[na:na]
	at java.base/java.util.stream.AbstractPipeline.evaluate(AbstractPipeline.java:234) ~[na:na]
	at java.base/java.util.stream.ReferencePipeline.forEach(ReferencePipeline.java:596) ~[na:na]
	at org.springframework.boot.SpringApplication.callRunners(SpringApplication.java:750) ~[spring-boot-3.1.5.jar:3.1.5]
	at org.springframework.boot.SpringApplication.run(SpringApplication.java:323) ~[spring-boot-3.1.5.jar:3.1.5]
	at org.springframework.boot.SpringApplication.run(SpringApplication.java:1306) ~[spring-boot-3.1.5.jar:3.1.5]
	at org.springframework.boot.SpringApplication.run(SpringApplication.java:1295) ~[spring-boot-3.1.5.jar:3.1.5]
	at com.plg.springfile.SpringFileApplication.main(SpringFileApplication.java:23) ~[classes/:na]
	at java.base/jdk.internal.reflect.DirectMethodHandleAccessor.invoke(DirectMethodHandleAccessor.java:104) ~[na:na]
	at java.base/java.lang.reflect.Method.invoke(Method.java:578) ~[na:na]
	at org.springframework.boot.devtools.restart.RestartLauncher.run(RestartLauncher.java:50) ~[spring-boot-devtools-3.1.5.jar:3.1.5]

2023-11-11T10:40:24.590+01:00  INFO 153072 --- [restartedMain] c.plg.springfile.SpringFileApplication   : Starting SpringFileApplication using Java 20.0.2 with PID 153072 (C:\Users\gpetemoya\Documents\projets\github\spring-file\target\classes started by gpetemoya in C:\Users\gpetemoya\Documents\projets\github\spring-file)
2023-11-11T10:40:24.591+01:00  INFO 153072 --- [restartedMain] c.plg.springfile.SpringFileApplication   : No active profile set, falling back to 1 default profile: "default"
2023-11-11T10:40:24.792+01:00  INFO 153072 --- [restartedMain] o.apache.catalina.core.StandardService   : Starting service [Tomcat]
2023-11-11T10:40:24.792+01:00  INFO 153072 --- [restartedMain] o.apache.catalina.core.StandardEngine    : Starting Servlet engine: [Apache Tomcat/10.1.15]
2023-11-11T10:40:24.813+01:00  INFO 153072 --- [restartedMain] o.a.c.c.C.[Tomcat].[localhost].[/]       : Initializing Spring embedded WebApplicationContext
2023-11-11T10:40:24.970+01:00  INFO 153072 --- [restartedMain] c.plg.springfile.SpringFileApplication   : Started SpringFileApplication in 0.41 seconds (process running for 197.352)
2023-11-11T10:40:24.972+01:00  INFO 153072 --- [restartedMain] c.plg.springfile.SpringFileApplication   : Serveur run
2023-11-11T10:40:24.979+01:00  INFO 153072 --- [restartedMain] c.p.s.services.EvenMoreFunWithFiles      : FICHIER CREEE
2023-11-11T10:40:35.615+01:00  INFO 153072 --- [Thread-15] o.apache.catalina.core.StandardService   : Stopping service [Tomcat]
2023-11-11T10:40:35.696+01:00  INFO 153072 --- [restartedMain] c.plg.springfile.SpringFileApplication   : Starting SpringFileApplication using Java 20.0.2 with PID 153072 (C:\Users\gpetemoya\Documents\projets\github\spring-file\target\classes started by gpetemoya in C:\Users\gpetemoya\Documents\projets\github\spring-file)
2023-11-11T10:40:35.697+01:00  INFO 153072 --- [restartedMain] c.plg.springfile.SpringFileApplication   : No active profile set, falling back to 1 default profile: "default"
2023-11-11T10:40:35.903+01:00  INFO 153072 --- [restartedMain] o.apache.catalina.core.StandardService   : Starting service [Tomcat]
2023-11-11T10:40:35.904+01:00  INFO 153072 --- [restartedMain] o.apache.catalina.core.StandardEngine    : Starting Servlet engine: [Apache Tomcat/10.1.15]
2023-11-11T10:40:35.921+01:00  INFO 153072 --- [restartedMain] o.a.c.c.C.[Tomcat].[localhost].[/]       : Initializing Spring embedded WebApplicationContext
2023-11-11T10:40:36.080+01:00  INFO 153072 --- [restartedMain] c.plg.springfile.SpringFileApplication   : Started SpringFileApplication in 0.419 seconds (process running for 208.461)
2023-11-11T10:40:36.081+01:00  INFO 153072 --- [restartedMain] c.plg.springfile.SpringFileApplication   : Serveur run
2023-11-11T10:40:36.093+01:00  INFO 153072 --- [restartedMain] c.p.s.services.EvenMoreFunWithFiles      : FICHIER CREEE
2023-11-11T10:40:54.849+01:00  INFO 153072 --- [Thread-23] o.apache.catalina.core.StandardService   : Stopping service [Tomcat]
2023-11-11T10:40:54.933+01:00  INFO 153072 --- [restartedMain] c.plg.springfile.SpringFileApplication   : Starting SpringFileApplication using Java 20.0.2 with PID 153072 (C:\Users\gpetemoya\Documents\projets\github\spring-file\target\classes started by gpetemoya in C:\Users\gpetemoya\Documents\projets\github\spring-file)
2023-11-11T10:40:54.934+01:00  INFO 153072 --- [restartedMain] c.plg.springfile.SpringFileApplication   : No active profile set, falling back to 1 default profile: "default"
2023-11-11T10:40:55.147+01:00  INFO 153072 --- [restartedMain] o.apache.catalina.core.StandardService   : Starting service [Tomcat]
2023-11-11T10:40:55.153+01:00  INFO 153072 --- [restartedMain] o.apache.catalina.core.StandardEngine    : Starting Servlet engine: [Apache Tomcat/10.1.15]
2023-11-11T10:40:55.196+01:00  INFO 153072 --- [restartedMain] o.a.c.c.C.[Tomcat].[localhost].[/]       : Initializing Spring embedded WebApplicationContext
2023-11-11T10:40:55.443+01:00  INFO 153072 --- [restartedMain] c.plg.springfile.SpringFileApplication   : Started SpringFileApplication in 0.536 seconds (process running for 227.823)
2023-11-11T10:40:55.444+01:00  INFO 153072 --- [restartedMain] c.plg.springfile.SpringFileApplication   : Serveur run
2023-11-11T10:40:55.460+01:00 ERROR 153072 --- [restartedMain] o.s.boot.SpringApplication               : Application run failed

java.lang.Error: Unresolved compilation problems: 
	Syntax error on tokens, delete these tokens
	Syntax error on token ")", { expected
	Syntax error on token "catch", Identifier expected
	Syntax error, insert ")" to complete ResourceSpecification
	Syntax error, insert "}" to complete ClassBody
	Syntax error on token "}", Block expected after this token

	at com.plg.springfile.services.EvenMoreFunWithFiles.createFile(EvenMoreFunWithFiles.java:22) ~[classes/:na]
	at com.plg.springfile.SpringFileApplication.run(SpringFileApplication.java:65) ~[classes/:na]
	at org.springframework.boot.SpringApplication.callRunner(SpringApplication.java:771) ~[spring-boot-3.1.5.jar:3.1.5]
	at org.springframework.boot.SpringApplication.lambda$callRunners$3(SpringApplication.java:755) ~[spring-boot-3.1.5.jar:3.1.5]
	at java.base/java.util.stream.ForEachOps$ForEachOp$OfRef.accept(ForEachOps.java:183) ~[na:na]
	at java.base/java.util.stream.SortedOps$SizedRefSortingSink.end(SortedOps.java:357) ~[na:na]
	at java.base/java.util.stream.AbstractPipeline.copyInto(AbstractPipeline.java:510) ~[na:na]
	at java.base/java.util.stream.AbstractPipeline.wrapAndCopyInto(AbstractPipeline.java:499) ~[na:na]
	at java.base/java.util.stream.ForEachOps$ForEachOp.evaluateSequential(ForEachOps.java:150) ~[na:na]
	at java.base/java.util.stream.ForEachOps$ForEachOp$OfRef.evaluateSequential(ForEachOps.java:173) ~[na:na]
	at java.base/java.util.stream.AbstractPipeline.evaluate(AbstractPipeline.java:234) ~[na:na]
	at java.base/java.util.stream.ReferencePipeline.forEach(ReferencePipeline.java:596) ~[na:na]
	at org.springframework.boot.SpringApplication.callRunners(SpringApplication.java:750) ~[spring-boot-3.1.5.jar:3.1.5]
	at org.springframework.boot.SpringApplication.run(SpringApplication.java:323) ~[spring-boot-3.1.5.jar:3.1.5]
	at org.springframework.boot.SpringApplication.run(SpringApplication.java:1306) ~[spring-boot-3.1.5.jar:3.1.5]
	at org.springframework.boot.SpringApplication.run(SpringApplication.java:1295) ~[spring-boot-3.1.5.jar:3.1.5]
	at com.plg.springfile.SpringFileApplication.main(SpringFileApplication.java:23) ~[classes/:na]
	at java.base/jdk.internal.reflect.DirectMethodHandleAccessor.invoke(DirectMethodHandleAccessor.java:104) ~[na:na]
	at java.base/java.lang.reflect.Method.invoke(Method.java:578) ~[na:na]
	at org.springframework.boot.devtools.restart.RestartLauncher.run(RestartLauncher.java:50) ~[spring-boot-devtools-3.1.5.jar:3.1.5]

2023-11-11T10:41:03.187+01:00  INFO 153072 --- [restartedMain] c.plg.springfile.SpringFileApplication   : Starting SpringFileApplication using Java 20.0.2 with PID 153072 (C:\Users\gpetemoya\Documents\projets\github\spring-file\target\classes started by gpetemoya in C:\Users\gpetemoya\Documents\projets\github\spring-file)
2023-11-11T10:41:03.188+01:00  INFO 153072 --- [restartedMain] c.plg.springfile.SpringFileApplication   : No active profile set, falling back to 1 default profile: "default"
2023-11-11T10:41:03.395+01:00  INFO 153072 --- [restartedMain] o.apache.catalina.core.StandardService   : Starting service [Tomcat]
2023-11-11T10:41:03.395+01:00  INFO 153072 --- [restartedMain] o.apache.catalina.core.StandardEngine    : Starting Servlet engine: [Apache Tomcat/10.1.15]
2023-11-11T10:41:03.430+01:00  INFO 153072 --- [restartedMain] o.a.c.c.C.[Tomcat].[localhost].[/]       : Initializing Spring embedded WebApplicationContext
2023-11-11T10:41:03.569+01:00  INFO 153072 --- [restartedMain] c.plg.springfile.SpringFileApplication   : Started SpringFileApplication in 0.444 seconds (process running for 235.95)
2023-11-11T10:41:03.570+01:00  INFO 153072 --- [restartedMain] c.plg.springfile.SpringFileApplication   : Serveur run
2023-11-11T10:41:03.578+01:00 ERROR 153072 --- [restartedMain] o.s.boot.SpringApplication               : Application run failed

java.lang.Error: Unresolved compilation problem: 
	Duplicate local variable writer

	at com.plg.springfile.services.EvenMoreFunWithFiles.createFile(EvenMoreFunWithFiles.java:22) ~[classes/:na]
	at com.plg.springfile.SpringFileApplication.run(SpringFileApplication.java:65) ~[classes/:na]
	at org.springframework.boot.SpringApplication.callRunner(SpringApplication.java:771) ~[spring-boot-3.1.5.jar:3.1.5]
	at org.springframework.boot.SpringApplication.lambda$callRunners$3(SpringApplication.java:755) ~[spring-boot-3.1.5.jar:3.1.5]
	at java.base/java.util.stream.ForEachOps$ForEachOp$OfRef.accept(ForEachOps.java:183) ~[na:na]
	at java.base/java.util.stream.SortedOps$SizedRefSortingSink.end(SortedOps.java:357) ~[na:na]
	at java.base/java.util.stream.AbstractPipeline.copyInto(AbstractPipeline.java:510) ~[na:na]
	at java.base/java.util.stream.AbstractPipeline.wrapAndCopyInto(AbstractPipeline.java:499) ~[na:na]
	at java.base/java.util.stream.ForEachOps$ForEachOp.evaluateSequential(ForEachOps.java:150) ~[na:na]
	at java.base/java.util.stream.ForEachOps$ForEachOp$OfRef.evaluateSequential(ForEachOps.java:173) ~[na:na]
	at java.base/java.util.stream.AbstractPipeline.evaluate(AbstractPipeline.java:234) ~[na:na]
	at java.base/java.util.stream.ReferencePipeline.forEach(ReferencePipeline.java:596) ~[na:na]
	at org.springframework.boot.SpringApplication.callRunners(SpringApplication.java:750) ~[spring-boot-3.1.5.jar:3.1.5]
	at org.springframework.boot.SpringApplication.run(SpringApplication.java:323) ~[spring-boot-3.1.5.jar:3.1.5]
	at org.springframework.boot.SpringApplication.run(SpringApplication.java:1306) ~[spring-boot-3.1.5.jar:3.1.5]
	at org.springframework.boot.SpringApplication.run(SpringApplication.java:1295) ~[spring-boot-3.1.5.jar:3.1.5]
	at com.plg.springfile.SpringFileApplication.main(SpringFileApplication.java:23) ~[classes/:na]
	at java.base/jdk.internal.reflect.DirectMethodHandleAccessor.invoke(DirectMethodHandleAccessor.java:104) ~[na:na]
	at java.base/java.lang.reflect.Method.invoke(Method.java:578) ~[na:na]
	at org.springframework.boot.devtools.restart.RestartLauncher.run(RestartLauncher.java:50) ~[spring-boot-devtools-3.1.5.jar:3.1.5]

2023-11-11T10:41:06.125+01:00  INFO 153072 --- [restartedMain] c.plg.springfile.SpringFileApplication   : Starting SpringFileApplication using Java 20.0.2 with PID 153072 (C:\Users\gpetemoya\Documents\projets\github\spring-file\target\classes started by gpetemoya in C:\Users\gpetemoya\Documents\projets\github\spring-file)
2023-11-11T10:41:06.134+01:00  INFO 153072 --- [restartedMain] c.plg.springfile.SpringFileApplication   : No active profile set, falling back to 1 default profile: "default"
2023-11-11T10:41:06.406+01:00  INFO 153072 --- [restartedMain] o.apache.catalina.core.StandardService   : Starting service [Tomcat]
2023-11-11T10:41:06.409+01:00  INFO 153072 --- [restartedMain] o.apache.catalina.core.StandardEngine    : Starting Servlet engine: [Apache Tomcat/10.1.15]
2023-11-11T10:41:06.428+01:00  INFO 153072 --- [restartedMain] o.a.c.c.C.[Tomcat].[localhost].[/]       : Initializing Spring embedded WebApplicationContext
2023-11-11T10:41:06.625+01:00  INFO 153072 --- [restartedMain] c.plg.springfile.SpringFileApplication   : Started SpringFileApplication in 0.535 seconds (process running for 239.006)
2023-11-11T10:41:06.626+01:00  INFO 153072 --- [restartedMain] c.plg.springfile.SpringFileApplication   : Serveur run
2023-11-11T10:41:06.642+01:00  INFO 153072 --- [restartedMain] c.p.s.services.EvenMoreFunWithFiles      : FICHIER CREEE
2023-11-11T10:41:08.045+01:00  INFO 153072 --- [Thread-27] o.apache.catalina.core.StandardService   : Stopping service [Tomcat]
2023-11-11T10:41:08.132+01:00  INFO 153072 --- [restartedMain] c.plg.springfile.SpringFileApplication   : Starting SpringFileApplication using Java 20.0.2 with PID 153072 (C:\Users\gpetemoya\Documents\projets\github\spring-file\target\classes started by gpetemoya in C:\Users\gpetemoya\Documents\projets\github\spring-file)
2023-11-11T10:41:08.133+01:00  INFO 153072 --- [restartedMain] c.plg.springfile.SpringFileApplication   : No active profile set, falling back to 1 default profile: "default"
2023-11-11T10:41:08.306+01:00  INFO 153072 --- [restartedMain] o.apache.catalina.core.StandardService   : Starting service [Tomcat]
2023-11-11T10:41:08.306+01:00  INFO 153072 --- [restartedMain] o.apache.catalina.core.StandardEngine    : Starting Servlet engine: [Apache Tomcat/10.1.15]
2023-11-11T10:41:08.320+01:00  INFO 153072 --- [restartedMain] o.a.c.c.C.[Tomcat].[localhost].[/]       : Initializing Spring embedded WebApplicationContext
2023-11-11T10:41:08.434+01:00  INFO 153072 --- [restartedMain] c.plg.springfile.SpringFileApplication   : Started SpringFileApplication in 0.338 seconds (process running for 240.814)
2023-11-11T10:41:08.434+01:00  INFO 153072 --- [restartedMain] c.plg.springfile.SpringFileApplication   : Serveur run
2023-11-11T10:41:08.442+01:00  INFO 153072 --- [restartedMain] c.p.s.services.EvenMoreFunWithFiles      : FICHIER CREEE
2023-11-11T10:41:17.991+01:00  INFO 153072 --- [Thread-39] o.apache.catalina.core.StandardService   : Stopping service [Tomcat]
2023-11-11T10:41:18.103+01:00  INFO 153072 --- [restartedMain] c.plg.springfile.SpringFileApplication   : Starting SpringFileApplication using Java 20.0.2 with PID 153072 (C:\Users\gpetemoya\Documents\projets\github\spring-file\target\classes started by gpetemoya in C:\Users\gpetemoya\Documents\projets\github\spring-file)
2023-11-11T10:41:18.103+01:00  INFO 153072 --- [restartedMain] c.plg.springfile.SpringFileApplication   : No active profile set, falling back to 1 default profile: "default"
2023-11-11T10:41:18.345+01:00  INFO 153072 --- [restartedMain] o.apache.catalina.core.StandardService   : Starting service [Tomcat]
2023-11-11T10:41:18.345+01:00  INFO 153072 --- [restartedMain] o.apache.catalina.core.StandardEngine    : Starting Servlet engine: [Apache Tomcat/10.1.15]
2023-11-11T10:41:18.361+01:00  INFO 153072 --- [restartedMain] o.a.c.c.C.[Tomcat].[localhost].[/]       : Initializing Spring embedded WebApplicationContext
2023-11-11T10:41:18.497+01:00  INFO 153072 --- [restartedMain] c.plg.springfile.SpringFileApplication   : Started SpringFileApplication in 0.425 seconds (process running for 250.877)
2023-11-11T10:41:18.498+01:00  INFO 153072 --- [restartedMain] c.plg.springfile.SpringFileApplication   : Serveur run
2023-11-11T10:41:18.504+01:00  INFO 153072 --- [restartedMain] c.p.s.services.EvenMoreFunWithFiles      : FICHIER CREEE
2023-11-11T10:41:19.961+01:00  INFO 153072 --- [Thread-43] o.apache.catalina.core.StandardService   : Stopping service [Tomcat]
2023-11-11T10:41:20.237+01:00  INFO 153072 --- [restartedMain] c.plg.springfile.SpringFileApplication   : Starting SpringFileApplication using Java 20.0.2 with PID 153072 (C:\Users\gpetemoya\Documents\projets\github\spring-file\target\classes started by gpetemoya in C:\Users\gpetemoya\Documents\projets\github\spring-file)
2023-11-11T10:41:20.263+01:00  INFO 153072 --- [restartedMain] c.plg.springfile.SpringFileApplication   : No active profile set, falling back to 1 default profile: "default"
2023-11-11T10:41:20.551+01:00  INFO 153072 --- [restartedMain] o.apache.catalina.core.StandardService   : Starting service [Tomcat]
2023-11-11T10:41:20.551+01:00  INFO 153072 --- [restartedMain] o.apache.catalina.core.StandardEngine    : Starting Servlet engine: [Apache Tomcat/10.1.15]
2023-11-11T10:41:20.564+01:00  INFO 153072 --- [restartedMain] o.a.c.c.C.[Tomcat].[localhost].[/]       : Initializing Spring embedded WebApplicationContext
2023-11-11T10:41:20.683+01:00  INFO 153072 --- [restartedMain] c.plg.springfile.SpringFileApplication   : Started SpringFileApplication in 0.658 seconds (process running for 253.064)
2023-11-11T10:41:20.684+01:00  INFO 153072 --- [restartedMain] c.plg.springfile.SpringFileApplication   : Serveur run
2023-11-11T10:41:20.691+01:00  INFO 153072 --- [restartedMain] c.p.s.services.EvenMoreFunWithFiles      : FICHIER CREEE
2023-11-11T10:41:28.275+01:00  INFO 153072 --- [Thread-47] o.apache.catalina.core.StandardService   : Stopping service [Tomcat]
2023-11-11T10:41:28.365+01:00  INFO 153072 --- [restartedMain] c.plg.springfile.SpringFileApplication   : Starting SpringFileApplication using Java 20.0.2 with PID 153072 (C:\Users\gpetemoya\Documents\projets\github\spring-file\target\classes started by gpetemoya in C:\Users\gpetemoya\Documents\projets\github\spring-file)
2023-11-11T10:41:28.366+01:00  INFO 153072 --- [restartedMain] c.plg.springfile.SpringFileApplication   : No active profile set, falling back to 1 default profile: "default"
2023-11-11T10:41:28.626+01:00  INFO 153072 --- [restartedMain] o.apache.catalina.core.StandardService   : Starting service [Tomcat]
2023-11-11T10:41:28.627+01:00  INFO 153072 --- [restartedMain] o.apache.catalina.core.StandardEngine    : Starting Servlet engine: [Apache Tomcat/10.1.15]
2023-11-11T10:41:28.650+01:00  INFO 153072 --- [restartedMain] o.a.c.c.C.[Tomcat].[localhost].[/]       : Initializing Spring embedded WebApplicationContext
2023-11-11T10:41:28.834+01:00  INFO 153072 --- [restartedMain] c.plg.springfile.SpringFileApplication   : Started SpringFileApplication in 0.499 seconds (process running for 261.215)
2023-11-11T10:41:28.838+01:00  INFO 153072 --- [restartedMain] c.plg.springfile.SpringFileApplication   : Serveur run
2023-11-11T10:41:28.861+01:00 ERROR 153072 --- [restartedMain] o.s.boot.SpringApplication               : Application run failed

java.lang.Error: Unresolved compilation problem: 
	Duplicate local variable bw

	at com.plg.springfile.services.EvenMoreFunWithFiles.createFile(EvenMoreFunWithFiles.java:31) ~[classes/:na]
	at com.plg.springfile.SpringFileApplication.run(SpringFileApplication.java:65) ~[classes/:na]
	at org.springframework.boot.SpringApplication.callRunner(SpringApplication.java:771) ~[spring-boot-3.1.5.jar:3.1.5]
	at org.springframework.boot.SpringApplication.lambda$callRunners$3(SpringApplication.java:755) ~[spring-boot-3.1.5.jar:3.1.5]
	at java.base/java.util.stream.ForEachOps$ForEachOp$OfRef.accept(ForEachOps.java:183) ~[na:na]
	at java.base/java.util.stream.SortedOps$SizedRefSortingSink.end(SortedOps.java:357) ~[na:na]
	at java.base/java.util.stream.AbstractPipeline.copyInto(AbstractPipeline.java:510) ~[na:na]
	at java.base/java.util.stream.AbstractPipeline.wrapAndCopyInto(AbstractPipeline.java:499) ~[na:na]
	at java.base/java.util.stream.ForEachOps$ForEachOp.evaluateSequential(ForEachOps.java:150) ~[na:na]
	at java.base/java.util.stream.ForEachOps$ForEachOp$OfRef.evaluateSequential(ForEachOps.java:173) ~[na:na]
	at java.base/java.util.stream.AbstractPipeline.evaluate(AbstractPipeline.java:234) ~[na:na]
	at java.base/java.util.stream.ReferencePipeline.forEach(ReferencePipeline.java:596) ~[na:na]
	at org.springframework.boot.SpringApplication.callRunners(SpringApplication.java:750) ~[spring-boot-3.1.5.jar:3.1.5]
	at org.springframework.boot.SpringApplication.run(SpringApplication.java:323) ~[spring-boot-3.1.5.jar:3.1.5]
	at org.springframework.boot.SpringApplication.run(SpringApplication.java:1306) ~[spring-boot-3.1.5.jar:3.1.5]
	at org.springframework.boot.SpringApplication.run(SpringApplication.java:1295) ~[spring-boot-3.1.5.jar:3.1.5]
	at com.plg.springfile.SpringFileApplication.main(SpringFileApplication.java:23) ~[classes/:na]
	at java.base/jdk.internal.reflect.DirectMethodHandleAccessor.invoke(DirectMethodHandleAccessor.java:104) ~[na:na]
	at java.base/java.lang.reflect.Method.invoke(Method.java:578) ~[na:na]
	at org.springframework.boot.devtools.restart.RestartLauncher.run(RestartLauncher.java:50) ~[spring-boot-devtools-3.1.5.jar:3.1.5]

2023-11-11T10:41:30.355+01:00  INFO 153072 --- [restartedMain] c.plg.springfile.SpringFileApplication   : Starting SpringFileApplication using Java 20.0.2 with PID 153072 (C:\Users\gpetemoya\Documents\projets\github\spring-file\target\classes started by gpetemoya in C:\Users\gpetemoya\Documents\projets\github\spring-file)
2023-11-11T10:41:30.356+01:00  INFO 153072 --- [restartedMain] c.plg.springfile.SpringFileApplication   : No active profile set, falling back to 1 default profile: "default"
2023-11-11T10:41:30.542+01:00  INFO 153072 --- [restartedMain] o.apache.catalina.core.StandardService   : Starting service [Tomcat]
2023-11-11T10:41:30.542+01:00  INFO 153072 --- [restartedMain] o.apache.catalina.core.StandardEngine    : Starting Servlet engine: [Apache Tomcat/10.1.15]
2023-11-11T10:41:30.559+01:00  INFO 153072 --- [restartedMain] o.a.c.c.C.[Tomcat].[localhost].[/]       : Initializing Spring embedded WebApplicationContext
2023-11-11T10:41:30.794+01:00  INFO 153072 --- [restartedMain] c.plg.springfile.SpringFileApplication   : Started SpringFileApplication in 0.464 seconds (process running for 263.175)
2023-11-11T10:41:30.799+01:00  INFO 153072 --- [restartedMain] c.plg.springfile.SpringFileApplication   : Serveur run
2023-11-11T10:41:30.833+01:00 ERROR 153072 --- [restartedMain] o.s.boot.SpringApplication               : Application run failed

java.lang.Error: Unresolved compilation problem: 
	Duplicate local variable bw

	at com.plg.springfile.services.EvenMoreFunWithFiles.createFile(EvenMoreFunWithFiles.java:31) ~[classes/:na]
	at com.plg.springfile.SpringFileApplication.run(SpringFileApplication.java:65) ~[classes/:na]
	at org.springframework.boot.SpringApplication.callRunner(SpringApplication.java:771) ~[spring-boot-3.1.5.jar:3.1.5]
	at org.springframework.boot.SpringApplication.lambda$callRunners$3(SpringApplication.java:755) ~[spring-boot-3.1.5.jar:3.1.5]
	at java.base/java.util.stream.ForEachOps$ForEachOp$OfRef.accept(ForEachOps.java:183) ~[na:na]
	at java.base/java.util.stream.SortedOps$SizedRefSortingSink.end(SortedOps.java:357) ~[na:na]
	at java.base/java.util.stream.AbstractPipeline.copyInto(AbstractPipeline.java:510) ~[na:na]
	at java.base/java.util.stream.AbstractPipeline.wrapAndCopyInto(AbstractPipeline.java:499) ~[na:na]
	at java.base/java.util.stream.ForEachOps$ForEachOp.evaluateSequential(ForEachOps.java:150) ~[na:na]
	at java.base/java.util.stream.ForEachOps$ForEachOp$OfRef.evaluateSequential(ForEachOps.java:173) ~[na:na]
	at java.base/java.util.stream.AbstractPipeline.evaluate(AbstractPipeline.java:234) ~[na:na]
	at java.base/java.util.stream.ReferencePipeline.forEach(ReferencePipeline.java:596) ~[na:na]
	at org.springframework.boot.SpringApplication.callRunners(SpringApplication.java:750) ~[spring-boot-3.1.5.jar:3.1.5]
	at org.springframework.boot.SpringApplication.run(SpringApplication.java:323) ~[spring-boot-3.1.5.jar:3.1.5]
	at org.springframework.boot.SpringApplication.run(SpringApplication.java:1306) ~[spring-boot-3.1.5.jar:3.1.5]
	at org.springframework.boot.SpringApplication.run(SpringApplication.java:1295) ~[spring-boot-3.1.5.jar:3.1.5]
	at com.plg.springfile.SpringFileApplication.main(SpringFileApplication.java:23) ~[classes/:na]
	at java.base/jdk.internal.reflect.DirectMethodHandleAccessor.invoke(DirectMethodHandleAccessor.java:104) ~[na:na]
	at java.base/java.lang.reflect.Method.invoke(Method.java:578) ~[na:na]
	at org.springframework.boot.devtools.restart.RestartLauncher.run(RestartLauncher.java:50) ~[spring-boot-devtools-3.1.5.jar:3.1.5]

2023-11-11T10:41:36.398+01:00  INFO 153072 --- [restartedMain] c.plg.springfile.SpringFileApplication   : Starting SpringFileApplication using Java 20.0.2 with PID 153072 (C:\Users\gpetemoya\Documents\projets\github\spring-file\target\classes started by gpetemoya in C:\Users\gpetemoya\Documents\projets\github\spring-file)
2023-11-11T10:41:36.400+01:00  INFO 153072 --- [restartedMain] c.plg.springfile.SpringFileApplication   : No active profile set, falling back to 1 default profile: "default"
2023-11-11T10:41:36.646+01:00  INFO 153072 --- [restartedMain] o.apache.catalina.core.StandardService   : Starting service [Tomcat]
2023-11-11T10:41:36.647+01:00  INFO 153072 --- [restartedMain] o.apache.catalina.core.StandardEngine    : Starting Servlet engine: [Apache Tomcat/10.1.15]
2023-11-11T10:41:36.667+01:00  INFO 153072 --- [restartedMain] o.a.c.c.C.[Tomcat].[localhost].[/]       : Initializing Spring embedded WebApplicationContext
2023-11-11T10:41:36.827+01:00  INFO 153072 --- [restartedMain] c.plg.springfile.SpringFileApplication   : Started SpringFileApplication in 0.465 seconds (process running for 269.207)
2023-11-11T10:41:36.828+01:00  INFO 153072 --- [restartedMain] c.plg.springfile.SpringFileApplication   : Serveur run
2023-11-11T10:41:36.838+01:00  INFO 153072 --- [restartedMain] c.p.s.services.EvenMoreFunWithFiles      : FICHIER CREEE
2023-11-11T10:41:43.869+01:00  INFO 153072 --- [Thread-51] o.apache.catalina.core.StandardService   : Stopping service [Tomcat]
2023-11-11T10:41:44.047+01:00  INFO 153072 --- [restartedMain] c.plg.springfile.SpringFileApplication   : Starting SpringFileApplication using Java 20.0.2 with PID 153072 (C:\Users\gpetemoya\Documents\projets\github\spring-file\target\classes started by gpetemoya in C:\Users\gpetemoya\Documents\projets\github\spring-file)
2023-11-11T10:41:44.048+01:00  INFO 153072 --- [restartedMain] c.plg.springfile.SpringFileApplication   : No active profile set, falling back to 1 default profile: "default"
2023-11-11T10:41:44.317+01:00  INFO 153072 --- [restartedMain] o.apache.catalina.core.StandardService   : Starting service [Tomcat]
2023-11-11T10:41:44.338+01:00  INFO 153072 --- [restartedMain] o.apache.catalina.core.StandardEngine    : Starting Servlet engine: [Apache Tomcat/10.1.15]
2023-11-11T10:41:44.372+01:00  INFO 153072 --- [restartedMain] o.a.c.c.C.[Tomcat].[localhost].[/]       : Initializing Spring embedded WebApplicationContext
2023-11-11T10:41:44.524+01:00  INFO 153072 --- [restartedMain] c.plg.springfile.SpringFileApplication   : Started SpringFileApplication in 0.557 seconds (process running for 276.905)
2023-11-11T10:41:44.525+01:00  INFO 153072 --- [restartedMain] c.plg.springfile.SpringFileApplication   : Serveur run
2023-11-11T10:41:44.552+01:00  INFO 153072 --- [restartedMain] c.p.s.services.EvenMoreFunWithFiles      : FICHIER CREEE
2023-11-11T10:41:46.338+01:00  INFO 153072 --- [Thread-63] o.apache.catalina.core.StandardService   : Stopping service [Tomcat]
2023-11-11T10:41:46.418+01:00  INFO 153072 --- [restartedMain] c.plg.springfile.SpringFileApplication   : Starting SpringFileApplication using Java 20.0.2 with PID 153072 (C:\Users\gpetemoya\Documents\projets\github\spring-file\target\classes started by gpetemoya in C:\Users\gpetemoya\Documents\projets\github\spring-file)
2023-11-11T10:41:46.419+01:00  INFO 153072 --- [restartedMain] c.plg.springfile.SpringFileApplication   : No active profile set, falling back to 1 default profile: "default"
2023-11-11T10:41:46.580+01:00  INFO 153072 --- [restartedMain] o.apache.catalina.core.StandardService   : Starting service [Tomcat]
2023-11-11T10:41:46.581+01:00  INFO 153072 --- [restartedMain] o.apache.catalina.core.StandardEngine    : Starting Servlet engine: [Apache Tomcat/10.1.15]
2023-11-11T10:41:46.597+01:00  INFO 153072 --- [restartedMain] o.a.c.c.C.[Tomcat].[localhost].[/]       : Initializing Spring embedded WebApplicationContext
2023-11-11T10:41:46.705+01:00  INFO 153072 --- [restartedMain] c.plg.springfile.SpringFileApplication   : Started SpringFileApplication in 0.319 seconds (process running for 279.086)
2023-11-11T10:41:46.706+01:00  INFO 153072 --- [restartedMain] c.plg.springfile.SpringFileApplication   : Serveur run
2023-11-11T10:41:46.721+01:00  INFO 153072 --- [restartedMain] c.p.s.services.EvenMoreFunWithFiles      : FICHIER CREEE
2023-11-11T10:42:15.333+01:00  INFO 184232 --- [restartedMain] c.plg.springfile.SpringFileApplication   : Starting SpringFileApplication using Java 20.0.2 with PID 184232 (C:\Users\gpetemoya\Documents\projets\github\spring-file\target\classes started by gpetemoya in C:\Users\gpetemoya\Documents\projets\github\spring-file)
2023-11-11T10:42:15.336+01:00  INFO 184232 --- [restartedMain] c.plg.springfile.SpringFileApplication   : No active profile set, falling back to 1 default profile: "default"
2023-11-11T10:42:16.473+01:00  INFO 184232 --- [restartedMain] o.apache.catalina.core.StandardService   : Starting service [Tomcat]
2023-11-11T10:42:16.474+01:00  INFO 184232 --- [restartedMain] o.apache.catalina.core.StandardEngine    : Starting Servlet engine: [Apache Tomcat/10.1.15]
2023-11-11T10:42:16.541+01:00  INFO 184232 --- [restartedMain] o.a.c.c.C.[Tomcat].[localhost].[/]       : Initializing Spring embedded WebApplicationContext
2023-11-11T10:42:17.218+01:00  INFO 184232 --- [restartedMain] c.plg.springfile.SpringFileApplication   : Started SpringFileApplication in 2.276 seconds (process running for 2.938)
2023-11-11T10:42:17.220+01:00  INFO 184232 --- [restartedMain] c.plg.springfile.SpringFileApplication   : Serveur run
2023-11-11T10:42:17.231+01:00  INFO 184232 --- [restartedMain] c.p.s.services.EvenMoreFunWithFiles      : FICHIER CREEE
2023-11-11T18:01:24.806+01:00  INFO 184232 --- [Thread-5] o.apache.catalina.core.StandardService   : Stopping service [Tomcat]
2023-11-11T18:01:26.924+01:00  INFO 184232 --- [restartedMain] c.plg.springfile.SpringFileApplication   : Starting SpringFileApplication using Java 20.0.2 with PID 184232 (C:\Users\gpetemoya\Documents\projets\github\spring-file\target\classes started by gpetemoya in C:\Users\gpetemoya\Documents\projets\github\spring-file)
2023-11-11T18:01:26.928+01:00  INFO 184232 --- [restartedMain] c.plg.springfile.SpringFileApplication   : No active profile set, falling back to 1 default profile: "default"
2023-11-11T18:01:28.705+01:00  INFO 184232 --- [restartedMain] o.apache.catalina.core.StandardService   : Starting service [Tomcat]
2023-11-11T18:01:28.706+01:00  INFO 184232 --- [restartedMain] o.apache.catalina.core.StandardEngine    : Starting Servlet engine: [Apache Tomcat/10.1.15]
2023-11-11T18:01:29.275+01:00  INFO 184232 --- [restartedMain] o.a.c.c.C.[Tomcat].[localhost].[/]       : Initializing Spring embedded WebApplicationContext
2023-11-11T18:01:29.876+01:00  INFO 184232 --- [restartedMain] c.plg.springfile.SpringFileApplication   : Started SpringFileApplication in 3.477 seconds (process running for 26355.818)
2023-11-11T18:01:29.878+01:00  INFO 184232 --- [restartedMain] c.plg.springfile.SpringFileApplication   : Serveur run
2023-11-11T18:01:29.990+01:00  INFO 184232 --- [restartedMain] c.p.s.services.EvenMoreFunWithFiles      : FICHIER CREEE
